Oct  2 16:30:46 nikita-SVE1713Y1RB kernel: [    0.000000] BIOS-e820: [mem 0x00000000af6bf000-0x00000000af7befff] ACPI NVS
Oct  2 16:30:46 nikita-SVE1713Y1RB kernel: [    0.000000] BIOS-e820: [mem 0x00000000af7bf000-0x00000000af7fefff] ACPI data
Oct  2 16:30:46 nikita-SVE1713Y1RB kernel: [    0.000000] efi:  ACPI=0xaf7fe000  ACPI 2.0=0xaf7fe014  SMBIOS=0xaf6bdf18 
Oct  2 16:30:46 nikita-SVE1713Y1RB kernel: [    0.022258] ACPI: Early table checksum verification disabled
Oct  2 16:30:46 nikita-SVE1713Y1RB kernel: [    0.022262] ACPI: RSDP 0x00000000AF7FE014 000024 (v02 Sony  )
Oct  2 16:30:46 nikita-SVE1713Y1RB kernel: [    0.022266] ACPI: XSDT 0x00000000AF7FE210 0000BC (v01 Sony   VAIO     20121113      01000013)
Oct  2 16:30:46 nikita-SVE1713Y1RB kernel: [    0.022272] ACPI: FACP 0x00000000AF7FA000 00010C (v05 Sony   VAIO     20121113 ACPI 00040000)
Oct  2 16:30:46 nikita-SVE1713Y1RB kernel: [    0.022279] ACPI: DSDT 0x00000000AF7EC000 00A9B1 (v02 Sony   VAIO     20121113 ACPI 00040000)
Oct  2 16:30:46 nikita-SVE1713Y1RB kernel: [    0.022282] ACPI: FACS 0x00000000AF7BA000 000040
Oct  2 16:30:46 nikita-SVE1713Y1RB kernel: [    0.022285] ACPI: SSDT 0x00000000AF7FD000 0005E3 (v01 Sony   VAIO     20121113 ACPI 00040000)
Oct  2 16:30:46 nikita-SVE1713Y1RB kernel: [    0.022288] ACPI: UEFI 0x00000000AF7FC000 000236 (v01 Sony   VAIO     20121113 ACPI 00040000)
Oct  2 16:30:46 nikita-SVE1713Y1RB kernel: [    0.022291] ACPI: ASF! 0x00000000AF7FB000 0000A5 (v32 Sony   VAIO     20121113 ACPI 00040000)
Oct  2 16:30:46 nikita-SVE1713Y1RB kernel: [    0.022294] ACPI: HPET 0x00000000AF7F9000 000038 (v01 Sony   VAIO     20121113 ACPI 00040000)
Oct  2 16:30:46 nikita-SVE1713Y1RB kernel: [    0.022297] ACPI: APIC 0x00000000AF7F8000 00008C (v03 Sony   VAIO     20121113 ACPI 00040000)
Oct  2 16:30:46 nikita-SVE1713Y1RB kernel: [    0.022301] ACPI: MCFG 0x00000000AF7F7000 00003C (v01 Sony   VAIO     20121113 ACPI 00040000)
Oct  2 16:30:46 nikita-SVE1713Y1RB kernel: [    0.022304] ACPI: SLIC 0x00000000AF7EB000 000176 (v01 Sony   VAIO     20121113 ACPI 00040000)
Oct  2 16:30:46 nikita-SVE1713Y1RB kernel: [    0.022307] ACPI: WDAT 0x00000000AF7EA000 000224 (v01 Sony   VAIO     20121113 ACPI 00040000)
Oct  2 16:30:46 nikita-SVE1713Y1RB kernel: [    0.022310] ACPI: SSDT 0x00000000AF7E8000 001068 (v01 Sony   VAIO     20121113 ACPI 00040000)
Oct  2 16:30:46 nikita-SVE1713Y1RB kernel: [    0.022313] ACPI: BOOT 0x00000000AF7E6000 000028 (v01 Sony   VAIO     20121113 ACPI 00040000)
Oct  2 16:30:46 nikita-SVE1713Y1RB kernel: [    0.022316] ACPI: ASPT 0x00000000AF7E4000 000034 (v07 Sony   VAIO     20121113 ACPI 00040000)
Oct  2 16:30:46 nikita-SVE1713Y1RB kernel: [    0.022319] ACPI: DBGP 0x00000000AF7E3000 000034 (v01 Sony   VAIO     20121113 ACPI 00040000)
Oct  2 16:30:46 nikita-SVE1713Y1RB kernel: [    0.022322] ACPI: FPDT 0x00000000AF7E1000 000044 (v01 Sony   VAIO     20121113 ACPI 00040000)
Oct  2 16:30:46 nikita-SVE1713Y1RB kernel: [    0.022325] ACPI: MSDM 0x00000000AF7E0000 000055 (v03 Sony   VAIO     20121113 ACPI 00040000)
Oct  2 16:30:46 nikita-SVE1713Y1RB kernel: [    0.022328] ACPI: SSDT 0x00000000AF7DF000 0008A2 (v01 Sony   VAIO     20121113 ACPI 00040000)
Oct  2 16:30:46 nikita-SVE1713Y1RB kernel: [    0.022331] ACPI: SSDT 0x00000000AF7DE000 000A92 (v01 Sony   VAIO     20121113 ACPI 00040000)
Oct  2 16:30:46 nikita-SVE1713Y1RB kernel: [    0.022334] ACPI: VFCT 0x00000000AF7D8000 005484 (v01 Sony   VAIO     20121113 ACPI 00040000)
Oct  2 16:30:46 nikita-SVE1713Y1RB kernel: [    0.022338] ACPI: BGRT 0x00000000AF7D7000 000038 (v01 INSYDE H2O BIOS 00000001 ACPI 00040000)
Oct  2 16:30:46 nikita-SVE1713Y1RB kernel: [    0.022350] ACPI: Local APIC address 0xfee00000
Oct  2 16:30:46 nikita-SVE1713Y1RB kernel: [    0.087794] ACPI: PM-Timer IO Port: 0x408
Oct  2 16:30:46 nikita-SVE1713Y1RB kernel: [    0.087797] ACPI: Local APIC address 0xfee00000
Oct  2 16:30:46 nikita-SVE1713Y1RB kernel: [    0.087817] ACPI: INT_SRC_OVR (bus 0 bus_irq 0 global_irq 2 dfl dfl)
Oct  2 16:30:46 nikita-SVE1713Y1RB kernel: [    0.087819] ACPI: INT_SRC_OVR (bus 0 bus_irq 9 global_irq 9 high level)
Oct  2 16:30:46 nikita-SVE1713Y1RB kernel: [    0.087820] ACPI: IRQ0 used by override.
Oct  2 16:30:46 nikita-SVE1713Y1RB kernel: [    0.087821] ACPI: IRQ9 used by override.
Oct  2 16:30:46 nikita-SVE1713Y1RB kernel: [    0.087823] Using ACPI (MADT) for SMP configuration information
Oct  2 16:30:46 nikita-SVE1713Y1RB kernel: [    0.087825] ACPI: HPET id: 0x8086a201 base: 0xfed00000
Oct  2 16:30:46 nikita-SVE1713Y1RB kernel: [    0.138092] ACPI: Core revision 20181213
Oct  2 16:30:46 nikita-SVE1713Y1RB kernel: [    0.195157] PM: Registering ACPI NVS region [mem 0xaf6bf000-0xaf7befff] (1048576 bytes)
Oct  2 16:30:46 nikita-SVE1713Y1RB kernel: [    0.195157] ACPI FADT declares the system doesn't support PCIe ASPM, so disable it
Oct  2 16:30:46 nikita-SVE1713Y1RB kernel: [    0.195157] ACPI: bus type PCI registered
Oct  2 16:30:46 nikita-SVE1713Y1RB kernel: [    0.195157] acpiphp: ACPI Hot Plug PCI Controller Driver version: 0.5
Oct  2 16:30:46 nikita-SVE1713Y1RB kernel: [    0.198470] ACPI: Added _OSI(Module Device)
Oct  2 16:30:46 nikita-SVE1713Y1RB kernel: [    0.198471] ACPI: Added _OSI(Processor Device)
Oct  2 16:30:46 nikita-SVE1713Y1RB kernel: [    0.198472] ACPI: Added _OSI(3.0 _SCP Extensions)
Oct  2 16:30:46 nikita-SVE1713Y1RB kernel: [    0.198473] ACPI: Added _OSI(Processor Aggregator Device)
Oct  2 16:30:46 nikita-SVE1713Y1RB kernel: [    0.198474] ACPI: Added _OSI(Linux-Dell-Video)
Oct  2 16:30:46 nikita-SVE1713Y1RB kernel: [    0.198475] ACPI: Added _OSI(Linux-Lenovo-NV-HDMI-Audio)
Oct  2 16:30:46 nikita-SVE1713Y1RB kernel: [    0.198476] ACPI: Added _OSI(Linux-HPI-Hybrid-Graphics)
Oct  2 16:30:46 nikita-SVE1713Y1RB kernel: [    0.209091] ACPI: 5 ACPI AML tables successfully acquired and loaded
Oct  2 16:30:46 nikita-SVE1713Y1RB kernel: [    0.211140] ACPI: Dynamic OEM Table Load:
Oct  2 16:30:46 nikita-SVE1713Y1RB kernel: [    0.211149] ACPI: SSDT 0xFFFF89BFC526F000 0007B4 (v01 PmRef  Cpu0Cst  00003001 INTL 20111123)
Oct  2 16:30:46 nikita-SVE1713Y1RB kernel: [    0.211428] ACPI: Dynamic OEM Table Load:
Oct  2 16:30:46 nikita-SVE1713Y1RB kernel: [    0.211428] ACPI: SSDT 0xFFFF89BFC52C1400 000303 (v01 PmRef  ApIst    00003000 INTL 20111123)
Oct  2 16:30:46 nikita-SVE1713Y1RB kernel: [    0.211428] ACPI: Dynamic OEM Table Load:
Oct  2 16:30:46 nikita-SVE1713Y1RB kernel: [    0.211428] ACPI: SSDT 0xFFFF89BFC4D4F000 000119 (v01 PmRef  ApCst    00003000 INTL 20111123)
Oct  2 16:30:46 nikita-SVE1713Y1RB kernel: [    0.215315] ACPI: EC: EC started
Oct  2 16:30:46 nikita-SVE1713Y1RB kernel: [    0.215316] ACPI: EC: interrupt blocked
Oct  2 16:30:46 nikita-SVE1713Y1RB kernel: [    0.216954] ACPI: \_SB_.PCI0.LPCB.EC0_: Used as first EC
Oct  2 16:30:46 nikita-SVE1713Y1RB kernel: [    0.216956] ACPI: \_SB_.PCI0.LPCB.EC0_: GPE=0x17, EC_CMD/EC_SC=0x66, EC_DATA=0x62
Oct  2 16:30:46 nikita-SVE1713Y1RB kernel: [    0.216957] ACPI: \_SB_.PCI0.LPCB.EC0_: Used as boot DSDT EC to handle transactions
Oct  2 16:30:46 nikita-SVE1713Y1RB kernel: [    0.216958] ACPI: Interpreter enabled
Oct  2 16:30:46 nikita-SVE1713Y1RB kernel: [    0.216985] ACPI: (supports S0 S3 S4 S5)
Oct  2 16:30:46 nikita-SVE1713Y1RB kernel: [    0.216986] ACPI: Using IOAPIC for interrupt routing
Oct  2 16:30:46 nikita-SVE1713Y1RB kernel: [    0.217021] PCI: Using host bridge windows from ACPI; if necessary, use "pci=nocrs" and report a bug
Oct  2 16:30:46 nikita-SVE1713Y1RB kernel: [    0.217272] ACPI: watchdog: Skipping WDAT on this system because it uses RTC SRAM
Oct  2 16:30:46 nikita-SVE1713Y1RB kernel: [    0.217288] ACPI: Enabled 7 GPEs in block 00 to 3F
Oct  2 16:30:46 nikita-SVE1713Y1RB kernel: [    0.225051] ACPI: PCI Root Bridge [PCI0] (domain 0000 [bus 00-3e])
Oct  2 16:30:46 nikita-SVE1713Y1RB kernel: [    0.230693] ACPI: PCI Interrupt Link [LNKA] (IRQs 1 3 4 5 6 10 11 12 14 15) *0, disabled.
Oct  2 16:30:46 nikita-SVE1713Y1RB kernel: [    0.230782] ACPI: PCI Interrupt Link [LNKB] (IRQs 1 3 4 5 6 10 11 12 14 15) *0, disabled.
Oct  2 16:30:46 nikita-SVE1713Y1RB kernel: [    0.230869] ACPI: PCI Interrupt Link [LNKC] (IRQs 1 3 4 5 6 10 11 12 14 15) *0, disabled.
Oct  2 16:30:46 nikita-SVE1713Y1RB kernel: [    0.230956] ACPI: PCI Interrupt Link [LNKD] (IRQs 1 3 4 5 6 10 11 12 14 15) *0, disabled.
Oct  2 16:30:46 nikita-SVE1713Y1RB kernel: [    0.231048] ACPI: PCI Interrupt Link [LNKE] (IRQs 1 3 4 5 6 10 11 12 14 15) *0, disabled.
Oct  2 16:30:46 nikita-SVE1713Y1RB kernel: [    0.231134] ACPI: PCI Interrupt Link [LNKF] (IRQs 1 3 4 5 6 10 11 12 14 15) *0, disabled.
Oct  2 16:30:46 nikita-SVE1713Y1RB kernel: [    0.231219] ACPI: PCI Interrupt Link [LNKG] (IRQs 1 3 4 5 6 10 11 12 14 15) *0, disabled.
Oct  2 16:30:46 nikita-SVE1713Y1RB kernel: [    0.231305] ACPI: PCI Interrupt Link [LNKH] (IRQs 1 3 4 5 6 10 11 12 14 15) *0, disabled.
Oct  2 16:30:46 nikita-SVE1713Y1RB kernel: [    0.231462] ACPI: EC: interrupt unblocked
Oct  2 16:30:46 nikita-SVE1713Y1RB kernel: [    0.231462] ACPI: EC: event unblocked
Oct  2 16:30:46 nikita-SVE1713Y1RB kernel: [    0.231462] ACPI: \_SB_.PCI0.LPCB.EC0_: GPE=0x17, EC_CMD/EC_SC=0x66, EC_DATA=0x62
Oct  2 16:30:46 nikita-SVE1713Y1RB kernel: [    0.231462] ACPI: \_SB_.PCI0.LPCB.EC0_: Used as boot DSDT EC to handle transactions and events
Oct  2 16:30:46 nikita-SVE1713Y1RB kernel: [    0.231464] ACPI: bus type USB registered
Oct  2 16:30:46 nikita-SVE1713Y1RB kernel: [    0.238669] PCI: Using ACPI for IRQ routing
Oct  2 16:30:46 nikita-SVE1713Y1RB kernel: [    0.254976] pnp: PnP ACPI init
Oct  2 16:30:46 nikita-SVE1713Y1RB kernel: [    0.255167] system 00:00: Plug and Play ACPI device, IDs PNP0c02 (active)
Oct  2 16:30:46 nikita-SVE1713Y1RB kernel: [    0.255196] pnp 00:01: Plug and Play ACPI device, IDs PNP0b00 (active)
Oct  2 16:30:46 nikita-SVE1713Y1RB kernel: [    0.255266] system 00:02: Plug and Play ACPI device, IDs INT3f0d PNP0c02 (active)
Oct  2 16:30:46 nikita-SVE1713Y1RB kernel: [    0.255355] pnp 00:03: Plug and Play ACPI device, IDs SNYa009 PNP030b (active)
Oct  2 16:30:46 nikita-SVE1713Y1RB kernel: [    0.255379] pnp 00:04: Plug and Play ACPI device, IDs SYN2705 SYN0300 SYN0002 PNP0f13 (active)
Oct  2 16:30:46 nikita-SVE1713Y1RB kernel: [    0.255608] system 00:05: Plug and Play ACPI device, IDs PNP0c02 (active)
Oct  2 16:30:46 nikita-SVE1713Y1RB kernel: [    0.255939] system 00:06: Plug and Play ACPI device, IDs PNP0c01 (active)
Oct  2 16:30:46 nikita-SVE1713Y1RB kernel: [    0.255965] pnp: PnP ACPI: found 7 devices
Oct  2 16:30:46 nikita-SVE1713Y1RB kernel: [    1.025294] ACPI: AC Adapter [ADP1] (off-line)
Oct  2 16:30:46 nikita-SVE1713Y1RB kernel: [    1.025389] ACPI: Lid Switch [LID0]
Oct  2 16:30:46 nikita-SVE1713Y1RB kernel: [    1.025433] ACPI: Power Button [PWRF]
Oct  2 16:30:46 nikita-SVE1713Y1RB kernel: [    1.026993] ACPI: Thermal Zone [TZS0] (57 C)
Oct  2 16:30:46 nikita-SVE1713Y1RB kernel: [    1.027316] ACPI: Thermal Zone [TZS1] (36 C)
Oct  2 16:30:46 nikita-SVE1713Y1RB kernel: [    1.028230] battery: ACPI: Battery Slot [BAT0] (battery present)
Oct  2 16:30:46 nikita-SVE1713Y1RB kernel: [    1.227881] ACPI: Video Device [PEGP] (multi-head: yes  rom: no  post: no)
Oct  2 16:30:46 nikita-SVE1713Y1RB kernel: [    1.234914] ACPI: watchdog: Skipping WDAT on this system because it uses RTC SRAM
Oct  2 16:30:46 nikita-SVE1713Y1RB kernel: [    1.234976] ACPI Warning: SystemIO range 0x0000000000000428-0x000000000000042F conflicts with OpRegion 0x0000000000000400-0x000000000000047F (\PMIO) (20181213/utaddress-213)
Oct  2 16:30:46 nikita-SVE1713Y1RB kernel: [    1.234983] ACPI: If an ACPI driver is available for this device, you should use it instead of the native driver
Oct  2 16:30:46 nikita-SVE1713Y1RB kernel: [    1.234987] ACPI Warning: SystemIO range 0x0000000000000540-0x000000000000054F conflicts with OpRegion 0x0000000000000500-0x0000000000000563 (\GPIO) (20181213/utaddress-213)
Oct  2 16:30:46 nikita-SVE1713Y1RB kernel: [    1.234991] ACPI: If an ACPI driver is available for this device, you should use it instead of the native driver
Oct  2 16:30:46 nikita-SVE1713Y1RB kernel: [    1.234992] ACPI Warning: SystemIO range 0x0000000000000530-0x000000000000053F conflicts with OpRegion 0x0000000000000500-0x0000000000000563 (\GPIO) (20181213/utaddress-213)
Oct  2 16:30:46 nikita-SVE1713Y1RB kernel: [    1.234996] ACPI: If an ACPI driver is available for this device, you should use it instead of the native driver
Oct  2 16:30:46 nikita-SVE1713Y1RB kernel: [    1.234997] ACPI Warning: SystemIO range 0x0000000000000500-0x000000000000052F conflicts with OpRegion 0x0000000000000500-0x0000000000000563 (\GPIO) (20181213/utaddress-213)
Oct  2 16:30:46 nikita-SVE1713Y1RB kernel: [    1.235000] ACPI: If an ACPI driver is available for this device, you should use it instead of the native driver
Oct  2 16:30:46 nikita-SVE1713Y1RB kernel: [   10.825918] acer_wmi: Acer Laptop ACPI-WMI Extras
Oct  3 07:54:57 nikita-SVE1713Y1RB kernel: [48373.829663] ACPI: EC: interrupt blocked
Oct  3 07:54:57 nikita-SVE1713Y1RB kernel: [48373.849424] ACPI: Preparing to enter system sleep state S3
Oct  3 07:54:57 nikita-SVE1713Y1RB kernel: [48373.850998] ACPI: EC: event blocked
Oct  3 07:54:57 nikita-SVE1713Y1RB kernel: [48373.850999] ACPI: EC: EC stopped
Oct  3 07:54:57 nikita-SVE1713Y1RB kernel: [48373.883440] ACPI: Low-level resume complete
Oct  3 07:54:57 nikita-SVE1713Y1RB kernel: [48373.883495] ACPI: EC: EC started
Oct  3 07:54:57 nikita-SVE1713Y1RB kernel: [48373.920516] ACPI: Waking up from system sleep state S3
Oct  3 07:54:57 nikita-SVE1713Y1RB kernel: [48373.925003] ACPI: EC: interrupt unblocked
Oct  3 07:54:57 nikita-SVE1713Y1RB kernel: [48373.962942] ACPI: EC: event unblocked
Oct  3 12:19:10 nikita-SVE1713Y1RB kernel: [52294.936942] ACPI: EC: interrupt blocked
Oct  3 12:19:10 nikita-SVE1713Y1RB kernel: [52294.954706] ACPI: Preparing to enter system sleep state S3
Oct  3 12:19:10 nikita-SVE1713Y1RB kernel: [52294.956561] ACPI: EC: event blocked
Oct  3 12:19:10 nikita-SVE1713Y1RB kernel: [52294.956562] ACPI: EC: EC stopped
Oct  3 12:19:10 nikita-SVE1713Y1RB kernel: [52294.985316] ACPI: Low-level resume complete
Oct  3 12:19:10 nikita-SVE1713Y1RB kernel: [52294.985370] ACPI: EC: EC started
Oct  3 12:19:10 nikita-SVE1713Y1RB kernel: [52295.022606] ACPI: Waking up from system sleep state S3
Oct  3 12:19:10 nikita-SVE1713Y1RB kernel: [52295.027351] ACPI: EC: interrupt unblocked
Oct  3 12:19:10 nikita-SVE1713Y1RB kernel: [52295.064275] ACPI: EC: event unblocked
Oct  3 12:19:10 nikita-SVE1713Y1RB kernel: [52295.076961] ACPI: button: The lid device is not compliant to SW_LID.
Oct  3 17:37:32 nikita-SVE1713Y1RB kernel: [65340.916843] ACPI: EC: interrupt blocked
Oct  3 17:37:32 nikita-SVE1713Y1RB kernel: [65340.935733] ACPI: Preparing to enter system sleep state S3
Oct  3 17:37:32 nikita-SVE1713Y1RB kernel: [65340.937631] ACPI: EC: event blocked
Oct  3 17:37:32 nikita-SVE1713Y1RB kernel: [65340.937632] ACPI: EC: EC stopped
Oct  3 17:37:32 nikita-SVE1713Y1RB kernel: [65340.966509] ACPI: Low-level resume complete
Oct  3 17:37:32 nikita-SVE1713Y1RB kernel: [65340.966563] ACPI: EC: EC started
Oct  3 17:37:32 nikita-SVE1713Y1RB kernel: [65341.004076] ACPI: Waking up from system sleep state S3
Oct  3 17:37:32 nikita-SVE1713Y1RB kernel: [65341.008215] ACPI: EC: interrupt unblocked
Oct  3 17:37:32 nikita-SVE1713Y1RB kernel: [65341.045390] ACPI: EC: event unblocked
Oct  4 08:07:01 nikita-SVE1713Y1RB kernel: [92066.257701] ACPI: EC: interrupt blocked
Oct  4 08:07:01 nikita-SVE1713Y1RB kernel: [92066.278784] ACPI: Preparing to enter system sleep state S3
Oct  4 08:07:01 nikita-SVE1713Y1RB kernel: [92066.280651] ACPI: EC: event blocked
Oct  4 08:07:01 nikita-SVE1713Y1RB kernel: [92066.280652] ACPI: EC: EC stopped
Oct  4 08:07:01 nikita-SVE1713Y1RB kernel: [92066.314166] ACPI: Low-level resume complete
Oct  4 08:07:01 nikita-SVE1713Y1RB kernel: [92066.314221] ACPI: EC: EC started
Oct  4 08:07:01 nikita-SVE1713Y1RB kernel: [92066.353170] ACPI: Waking up from system sleep state S3
Oct  4 08:07:01 nikita-SVE1713Y1RB kernel: [92066.357717] ACPI: EC: interrupt unblocked
Oct  4 08:07:01 nikita-SVE1713Y1RB kernel: [92066.396425] ACPI: EC: event unblocked
Oct  4 08:22:31 nikita-SVE1713Y1RB kernel: [92967.056489] ACPI: EC: interrupt blocked
Oct  4 08:22:31 nikita-SVE1713Y1RB kernel: [92967.077052] ACPI: Preparing to enter system sleep state S3
Oct  4 08:22:31 nikita-SVE1713Y1RB kernel: [92967.078975] ACPI: EC: event blocked
Oct  4 08:22:31 nikita-SVE1713Y1RB kernel: [92967.078976] ACPI: EC: EC stopped
Oct  4 08:22:31 nikita-SVE1713Y1RB kernel: [92967.106490] ACPI: Low-level resume complete
Oct  4 08:22:31 nikita-SVE1713Y1RB kernel: [92967.106542] ACPI: EC: EC started
Oct  4 08:22:31 nikita-SVE1713Y1RB kernel: [92967.145284] ACPI: Waking up from system sleep state S3
Oct  4 08:22:31 nikita-SVE1713Y1RB kernel: [92967.149319] ACPI: EC: interrupt unblocked
Oct  4 08:22:31 nikita-SVE1713Y1RB kernel: [92967.186725] ACPI: EC: event unblocked
Oct  4 15:09:42 nikita-SVE1713Y1RB kernel: [96019.991880] ACPI: EC: interrupt blocked
Oct  4 15:09:42 nikita-SVE1713Y1RB kernel: [96020.011322] ACPI: Preparing to enter system sleep state S3
Oct  4 15:09:42 nikita-SVE1713Y1RB kernel: [96020.013146] ACPI: EC: event blocked
Oct  4 15:09:42 nikita-SVE1713Y1RB kernel: [96020.013147] ACPI: EC: EC stopped
Oct  4 15:09:42 nikita-SVE1713Y1RB kernel: [96020.045458] ACPI: Low-level resume complete
Oct  4 15:09:42 nikita-SVE1713Y1RB kernel: [96020.045512] ACPI: EC: EC started
Oct  4 15:09:42 nikita-SVE1713Y1RB kernel: [96020.084285] ACPI: Waking up from system sleep state S3
Oct  4 15:09:42 nikita-SVE1713Y1RB kernel: [96020.088446] ACPI: EC: interrupt unblocked
Oct  4 15:09:42 nikita-SVE1713Y1RB kernel: [96020.128605] ACPI: EC: event unblocked
Oct  4 18:08:53 nikita-SVE1713Y1RB kernel: [101661.768105] ACPI: EC: interrupt blocked
Oct  4 18:08:53 nikita-SVE1713Y1RB kernel: [101661.788209] ACPI: Preparing to enter system sleep state S3
Oct  4 18:08:53 nikita-SVE1713Y1RB kernel: [101661.790033] ACPI: EC: event blocked
Oct  4 18:08:53 nikita-SVE1713Y1RB kernel: [101661.790034] ACPI: EC: EC stopped
Oct  4 18:08:53 nikita-SVE1713Y1RB kernel: [101661.819673] ACPI: Low-level resume complete
Oct  4 18:08:53 nikita-SVE1713Y1RB kernel: [101661.819727] ACPI: EC: EC started
Oct  4 18:08:53 nikita-SVE1713Y1RB kernel: [101661.856277] ACPI: Waking up from system sleep state S3
Oct  4 18:08:53 nikita-SVE1713Y1RB kernel: [101661.861247] ACPI: EC: interrupt unblocked
Oct  4 18:08:53 nikita-SVE1713Y1RB kernel: [101661.901870] ACPI: EC: event unblocked
Oct  5 07:38:11 nikita-SVE1713Y1RB kernel: [121434.801308] ACPI: EC: interrupt blocked
Oct  5 07:38:11 nikita-SVE1713Y1RB kernel: [121434.820999] ACPI: Preparing to enter system sleep state S3
Oct  5 07:38:11 nikita-SVE1713Y1RB kernel: [121434.822774] ACPI: EC: event blocked
Oct  5 07:38:11 nikita-SVE1713Y1RB kernel: [121434.822775] ACPI: EC: EC stopped
Oct  5 07:38:11 nikita-SVE1713Y1RB kernel: [121434.852397] ACPI: Low-level resume complete
Oct  5 07:38:11 nikita-SVE1713Y1RB kernel: [121434.852450] ACPI: EC: EC started
Oct  5 07:38:11 nikita-SVE1713Y1RB kernel: [121434.889504] ACPI: Waking up from system sleep state S3
Oct  5 07:38:11 nikita-SVE1713Y1RB kernel: [121434.893683] ACPI: EC: interrupt unblocked
Oct  5 07:38:11 nikita-SVE1713Y1RB kernel: [121434.934549] ACPI: EC: event unblocked
Oct  5 13:45:41 nikita-SVE1713Y1RB kernel: [143480.707461] ACPI: EC: interrupt blocked
Oct  5 13:45:41 nikita-SVE1713Y1RB kernel: [143480.726500] ACPI: Preparing to enter system sleep state S3
Oct  5 13:45:41 nikita-SVE1713Y1RB kernel: [143480.728126] ACPI: EC: event blocked
Oct  5 13:45:41 nikita-SVE1713Y1RB kernel: [143480.728126] ACPI: EC: EC stopped
Oct  5 13:45:41 nikita-SVE1713Y1RB kernel: [143480.757180] ACPI: Low-level resume complete
Oct  5 13:45:41 nikita-SVE1713Y1RB kernel: [143480.757232] ACPI: EC: EC started
Oct  5 13:45:41 nikita-SVE1713Y1RB kernel: [143480.795964] ACPI: Waking up from system sleep state S3
Oct  5 13:45:41 nikita-SVE1713Y1RB kernel: [143480.799926] ACPI: EC: interrupt unblocked
Oct  5 13:45:41 nikita-SVE1713Y1RB kernel: [143480.839742] ACPI: EC: event unblocked
Oct  5 23:17:17 nikita-SVE1713Y1RB kernel: [149142.209108] ACPI: EC: interrupt blocked
Oct  5 23:17:17 nikita-SVE1713Y1RB kernel: [149142.227819] ACPI: Preparing to enter system sleep state S3
Oct  5 23:17:17 nikita-SVE1713Y1RB kernel: [149142.229515] ACPI: EC: event blocked
Oct  5 23:17:17 nikita-SVE1713Y1RB kernel: [149142.229516] ACPI: EC: EC stopped
Oct  5 23:17:17 nikita-SVE1713Y1RB kernel: [149142.260136] ACPI: Low-level resume complete
Oct  5 23:17:17 nikita-SVE1713Y1RB kernel: [149142.260190] ACPI: EC: EC started
Oct  5 23:17:17 nikita-SVE1713Y1RB kernel: [149142.296887] ACPI: Waking up from system sleep state S3
Oct  5 23:17:17 nikita-SVE1713Y1RB kernel: [149142.301013] ACPI: EC: interrupt unblocked
Oct  5 23:17:17 nikita-SVE1713Y1RB kernel: [149142.341357] ACPI: EC: event unblocked
Oct  8 09:28:38 nikita-SVE1713Y1RB kernel: [206314.643736] ACPI: EC: interrupt blocked
Oct  8 09:28:38 nikita-SVE1713Y1RB kernel: [206314.661373] ACPI: Preparing to enter system sleep state S3
Oct  8 09:28:38 nikita-SVE1713Y1RB kernel: [206314.663096] ACPI: EC: event blocked
Oct  8 09:28:38 nikita-SVE1713Y1RB kernel: [206314.663097] ACPI: EC: EC stopped
Oct  8 09:28:38 nikita-SVE1713Y1RB kernel: [206314.693399] ACPI: Low-level resume complete
Oct  8 09:28:38 nikita-SVE1713Y1RB kernel: [206314.693453] ACPI: EC: EC started
Oct  8 09:28:38 nikita-SVE1713Y1RB kernel: [206314.730885] ACPI: Waking up from system sleep state S3
Oct  8 09:28:38 nikita-SVE1713Y1RB kernel: [206314.734868] ACPI: EC: interrupt unblocked
Oct  8 09:28:38 nikita-SVE1713Y1RB kernel: [206314.774909] ACPI: EC: event unblocked
Oct  8 10:44:57 nikita-SVE1713Y1RB kernel: [209899.194619] ACPI: EC: interrupt blocked
Oct  8 10:44:57 nikita-SVE1713Y1RB kernel: [209899.212676] ACPI: Preparing to enter system sleep state S3
Oct  8 10:44:57 nikita-SVE1713Y1RB kernel: [209899.214300] ACPI: EC: event blocked
Oct  8 10:44:57 nikita-SVE1713Y1RB kernel: [209899.214301] ACPI: EC: EC stopped
Oct  8 10:44:57 nikita-SVE1713Y1RB kernel: [209899.244417] ACPI: Low-level resume complete
Oct  8 10:44:57 nikita-SVE1713Y1RB kernel: [209899.244471] ACPI: EC: EC started
Oct  8 10:44:57 nikita-SVE1713Y1RB kernel: [209899.282153] ACPI: Waking up from system sleep state S3
Oct  8 10:44:57 nikita-SVE1713Y1RB kernel: [209899.286195] ACPI: EC: interrupt unblocked
Oct  8 10:44:57 nikita-SVE1713Y1RB kernel: [209899.326147] ACPI: EC: event unblocked
Oct  6 08:44:31 nikita-SVE1713Y1RB kernel: [158940.175964] ACPI: EC: interrupt blocked
Oct  6 08:44:31 nikita-SVE1713Y1RB kernel: [158940.194766] ACPI: Preparing to enter system sleep state S3
Oct  6 08:44:31 nikita-SVE1713Y1RB kernel: [158940.196539] ACPI: EC: event blocked
Oct  6 08:44:31 nikita-SVE1713Y1RB kernel: [158940.196540] ACPI: EC: EC stopped
Oct  6 08:44:31 nikita-SVE1713Y1RB kernel: [158940.227936] ACPI: Low-level resume complete
Oct  6 08:44:31 nikita-SVE1713Y1RB kernel: [158940.227990] ACPI: EC: EC started
Oct  6 08:44:31 nikita-SVE1713Y1RB kernel: [158940.264710] ACPI: Waking up from system sleep state S3
Oct  6 08:44:31 nikita-SVE1713Y1RB kernel: [158940.268833] ACPI: EC: interrupt unblocked
Oct  6 08:44:31 nikita-SVE1713Y1RB kernel: [158940.312401] ACPI: EC: event unblocked
Oct  6 11:18:05 nikita-SVE1713Y1RB kernel: [168151.162713] ACPI: EC: interrupt blocked
Oct  6 11:18:05 nikita-SVE1713Y1RB kernel: [168151.182113] ACPI: Preparing to enter system sleep state S3
Oct  6 11:18:05 nikita-SVE1713Y1RB kernel: [168151.183884] ACPI: EC: event blocked
Oct  6 11:18:05 nikita-SVE1713Y1RB kernel: [168151.183885] ACPI: EC: EC stopped
Oct  6 11:18:05 nikita-SVE1713Y1RB kernel: [168151.211890] ACPI: Low-level resume complete
Oct  6 11:18:05 nikita-SVE1713Y1RB kernel: [168151.211945] ACPI: EC: EC started
Oct  6 11:18:05 nikita-SVE1713Y1RB kernel: [168151.249139] ACPI: Waking up from system sleep state S3
Oct  6 11:18:05 nikita-SVE1713Y1RB kernel: [168151.253549] ACPI: EC: interrupt unblocked
Oct  6 11:18:05 nikita-SVE1713Y1RB kernel: [168151.291717] ACPI: EC: event unblocked
Oct  7 07:54:29 nikita-SVE1713Y1RB kernel: [168338.338182] ACPI: EC: interrupt blocked
Oct  7 07:54:29 nikita-SVE1713Y1RB kernel: [168338.357494] ACPI: Preparing to enter system sleep state S3
Oct  7 07:54:29 nikita-SVE1713Y1RB kernel: [168338.359141] ACPI: EC: event blocked
Oct  7 07:54:29 nikita-SVE1713Y1RB kernel: [168338.359142] ACPI: EC: EC stopped
Oct  7 07:54:29 nikita-SVE1713Y1RB kernel: [168338.386474] ACPI: Low-level resume complete
Oct  7 07:54:29 nikita-SVE1713Y1RB kernel: [168338.386528] ACPI: EC: EC started
Oct  7 07:54:29 nikita-SVE1713Y1RB kernel: [168338.423862] ACPI: Waking up from system sleep state S3
Oct  7 07:54:29 nikita-SVE1713Y1RB kernel: [168338.428322] ACPI: EC: interrupt unblocked
Oct  7 07:54:29 nikita-SVE1713Y1RB kernel: [168338.467459] ACPI: EC: event unblocked
Oct  7 15:19:01 nikita-SVE1713Y1RB kernel: [174496.414318] ACPI: EC: interrupt blocked
Oct  7 15:19:01 nikita-SVE1713Y1RB kernel: [174496.433451] ACPI: Preparing to enter system sleep state S3
Oct  7 15:19:01 nikita-SVE1713Y1RB kernel: [174496.434962] ACPI: EC: event blocked
Oct  7 15:19:01 nikita-SVE1713Y1RB kernel: [174496.434963] ACPI: EC: EC stopped
Oct  7 15:19:02 nikita-SVE1713Y1RB kernel: [174496.463453] ACPI: Low-level resume complete
Oct  7 15:19:02 nikita-SVE1713Y1RB kernel: [174496.463508] ACPI: EC: EC started
Oct  7 15:19:04 nikita-SVE1713Y1RB kernel: [174496.501450] ACPI: Waking up from system sleep state S3
Oct  7 15:19:04 nikita-SVE1713Y1RB kernel: [174496.505854] ACPI: EC: interrupt unblocked
Oct  7 15:19:04 nikita-SVE1713Y1RB kernel: [174496.543335] ACPI: EC: event unblocked
Oct  7 18:49:21 nikita-SVE1713Y1RB kernel: [176119.867615] ACPI: EC: interrupt blocked
Oct  7 18:49:21 nikita-SVE1713Y1RB kernel: [176119.886744] ACPI: Preparing to enter system sleep state S3
Oct  7 18:49:21 nikita-SVE1713Y1RB kernel: [176119.888243] ACPI: EC: event blocked
Oct  7 18:49:21 nikita-SVE1713Y1RB kernel: [176119.888244] ACPI: EC: EC stopped
Oct  7 18:49:21 nikita-SVE1713Y1RB kernel: [176119.917222] ACPI: Low-level resume complete
Oct  7 18:49:21 nikita-SVE1713Y1RB kernel: [176119.917276] ACPI: EC: EC started
Oct  7 18:49:21 nikita-SVE1713Y1RB kernel: [176119.954742] ACPI: Waking up from system sleep state S3
Oct  7 18:49:21 nikita-SVE1713Y1RB kernel: [176119.958963] ACPI: EC: interrupt unblocked
Oct  7 18:49:21 nikita-SVE1713Y1RB kernel: [176120.000630] ACPI: EC: event unblocked
Oct  8 09:28:38 nikita-SVE1713Y1RB kernel: [206314.643736] ACPI: EC: interrupt blocked
Oct  8 09:28:38 nikita-SVE1713Y1RB kernel: [206314.661373] ACPI: Preparing to enter system sleep state S3
Oct  8 09:28:38 nikita-SVE1713Y1RB kernel: [206314.663096] ACPI: EC: event blocked
Oct  8 09:28:38 nikita-SVE1713Y1RB kernel: [206314.663097] ACPI: EC: EC stopped
Oct  8 09:28:38 nikita-SVE1713Y1RB kernel: [206314.693399] ACPI: Low-level resume complete
Oct  8 09:28:38 nikita-SVE1713Y1RB kernel: [206314.693453] ACPI: EC: EC started
Oct  8 09:28:38 nikita-SVE1713Y1RB kernel: [206314.730885] ACPI: Waking up from system sleep state S3
Oct  8 09:28:38 nikita-SVE1713Y1RB kernel: [206314.734868] ACPI: EC: interrupt unblocked
Oct  8 09:28:38 nikita-SVE1713Y1RB kernel: [206314.774909] ACPI: EC: event unblocked
Oct  8 10:44:57 nikita-SVE1713Y1RB kernel: [209899.194619] ACPI: EC: interrupt blocked
Oct  8 10:44:57 nikita-SVE1713Y1RB kernel: [209899.212676] ACPI: Preparing to enter system sleep state S3
Oct  8 10:44:57 nikita-SVE1713Y1RB kernel: [209899.214300] ACPI: EC: event blocked
Oct  8 10:44:57 nikita-SVE1713Y1RB kernel: [209899.214301] ACPI: EC: EC stopped
Oct  8 10:44:57 nikita-SVE1713Y1RB kernel: [209899.244417] ACPI: Low-level resume complete
Oct  8 10:44:57 nikita-SVE1713Y1RB kernel: [209899.244471] ACPI: EC: EC started
Oct  8 10:44:57 nikita-SVE1713Y1RB kernel: [209899.282153] ACPI: Waking up from system sleep state S3
Oct  8 10:44:57 nikita-SVE1713Y1RB kernel: [209899.286195] ACPI: EC: interrupt unblocked
Oct  8 10:44:57 nikita-SVE1713Y1RB kernel: [209899.326147] ACPI: EC: event unblocked
Oct  7 15:19:01 nikita-SVE1713Y1RB kernel: [174496.414318] ACPI: EC: interrupt blocked
Oct  7 15:19:01 nikita-SVE1713Y1RB kernel: [174496.433451] ACPI: Preparing to enter system sleep state S3
Oct  7 15:19:01 nikita-SVE1713Y1RB kernel: [174496.434962] ACPI: EC: event blocked
Oct  7 15:19:01 nikita-SVE1713Y1RB kernel: [174496.434963] ACPI: EC: EC stopped
Oct  7 15:19:02 nikita-SVE1713Y1RB kernel: [174496.463453] ACPI: Low-level resume complete
Oct  7 15:19:02 nikita-SVE1713Y1RB kernel: [174496.463508] ACPI: EC: EC started
Oct  7 15:19:04 nikita-SVE1713Y1RB kernel: [174496.501450] ACPI: Waking up from system sleep state S3
Oct  7 15:19:04 nikita-SVE1713Y1RB kernel: [174496.505854] ACPI: EC: interrupt unblocked
Oct  7 15:19:04 nikita-SVE1713Y1RB kernel: [174496.543335] ACPI: EC: event unblocked
Oct  7 18:49:21 nikita-SVE1713Y1RB kernel: [176119.867615] ACPI: EC: interrupt blocked
Oct  7 18:49:21 nikita-SVE1713Y1RB kernel: [176119.886744] ACPI: Preparing to enter system sleep state S3
Oct  7 18:49:21 nikita-SVE1713Y1RB kernel: [176119.888243] ACPI: EC: event blocked
Oct  7 18:49:21 nikita-SVE1713Y1RB kernel: [176119.888244] ACPI: EC: EC stopped
Oct  7 18:49:21 nikita-SVE1713Y1RB kernel: [176119.917222] ACPI: Low-level resume complete
Oct  7 18:49:21 nikita-SVE1713Y1RB kernel: [176119.917276] ACPI: EC: EC started
Oct  7 18:49:21 nikita-SVE1713Y1RB kernel: [176119.954742] ACPI: Waking up from system sleep state S3
Oct  7 18:49:21 nikita-SVE1713Y1RB kernel: [176119.958963] ACPI: EC: interrupt unblocked
Oct  7 18:49:21 nikita-SVE1713Y1RB kernel: [176120.000630] ACPI: EC: event unblocked
[    0.000000] kernel: BIOS-e820: [mem 0x00000000af6bf000-0x00000000af7befff] ACPI NVS
[    0.000000] kernel: BIOS-e820: [mem 0x00000000af7bf000-0x00000000af7fefff] ACPI data
[    0.000000] kernel: efi:  ACPI=0xaf7fe000  ACPI 2.0=0xaf7fe014  SMBIOS=0xaf6bdf18 
[    0.022258] kernel: ACPI: Early table checksum verification disabled
[    0.022262] kernel: ACPI: RSDP 0x00000000AF7FE014 000024 (v02 Sony  )
[    0.022266] kernel: ACPI: XSDT 0x00000000AF7FE210 0000BC (v01 Sony   VAIO     20121113      01000013)
[    0.022272] kernel: ACPI: FACP 0x00000000AF7FA000 00010C (v05 Sony   VAIO     20121113 ACPI 00040000)
[    0.022279] kernel: ACPI: DSDT 0x00000000AF7EC000 00A9B1 (v02 Sony   VAIO     20121113 ACPI 00040000)
[    0.022282] kernel: ACPI: FACS 0x00000000AF7BA000 000040
[    0.022285] kernel: ACPI: SSDT 0x00000000AF7FD000 0005E3 (v01 Sony   VAIO     20121113 ACPI 00040000)
[    0.022288] kernel: ACPI: UEFI 0x00000000AF7FC000 000236 (v01 Sony   VAIO     20121113 ACPI 00040000)
[    0.022291] kernel: ACPI: ASF! 0x00000000AF7FB000 0000A5 (v32 Sony   VAIO     20121113 ACPI 00040000)
[    0.022294] kernel: ACPI: HPET 0x00000000AF7F9000 000038 (v01 Sony   VAIO     20121113 ACPI 00040000)
[    0.022297] kernel: ACPI: APIC 0x00000000AF7F8000 00008C (v03 Sony   VAIO     20121113 ACPI 00040000)
[    0.022301] kernel: ACPI: MCFG 0x00000000AF7F7000 00003C (v01 Sony   VAIO     20121113 ACPI 00040000)
[    0.022304] kernel: ACPI: SLIC 0x00000000AF7EB000 000176 (v01 Sony   VAIO     20121113 ACPI 00040000)
[    0.022307] kernel: ACPI: WDAT 0x00000000AF7EA000 000224 (v01 Sony   VAIO     20121113 ACPI 00040000)
[    0.022310] kernel: ACPI: SSDT 0x00000000AF7E8000 001068 (v01 Sony   VAIO     20121113 ACPI 00040000)
[    0.022313] kernel: ACPI: BOOT 0x00000000AF7E6000 000028 (v01 Sony   VAIO     20121113 ACPI 00040000)
[    0.022316] kernel: ACPI: ASPT 0x00000000AF7E4000 000034 (v07 Sony   VAIO     20121113 ACPI 00040000)
[    0.022319] kernel: ACPI: DBGP 0x00000000AF7E3000 000034 (v01 Sony   VAIO     20121113 ACPI 00040000)
[    0.022322] kernel: ACPI: FPDT 0x00000000AF7E1000 000044 (v01 Sony   VAIO     20121113 ACPI 00040000)
[    0.022325] kernel: ACPI: MSDM 0x00000000AF7E0000 000055 (v03 Sony   VAIO     20121113 ACPI 00040000)
[    0.022328] kernel: ACPI: SSDT 0x00000000AF7DF000 0008A2 (v01 Sony   VAIO     20121113 ACPI 00040000)
[    0.022331] kernel: ACPI: SSDT 0x00000000AF7DE000 000A92 (v01 Sony   VAIO     20121113 ACPI 00040000)
[    0.022334] kernel: ACPI: VFCT 0x00000000AF7D8000 005484 (v01 Sony   VAIO     20121113 ACPI 00040000)
[    0.022338] kernel: ACPI: BGRT 0x00000000AF7D7000 000038 (v01 INSYDE H2O BIOS 00000001 ACPI 00040000)
[    0.022350] kernel: ACPI: Local APIC address 0xfee00000
[    0.087794] kernel: ACPI: PM-Timer IO Port: 0x408
[    0.087797] kernel: ACPI: Local APIC address 0xfee00000
[    0.087817] kernel: ACPI: INT_SRC_OVR (bus 0 bus_irq 0 global_irq 2 dfl dfl)
[    0.087819] kernel: ACPI: INT_SRC_OVR (bus 0 bus_irq 9 global_irq 9 high level)
[    0.087820] kernel: ACPI: IRQ0 used by override.
[    0.087821] kernel: ACPI: IRQ9 used by override.
[    0.087823] kernel: Using ACPI (MADT) for SMP configuration information
[    0.087825] kernel: ACPI: HPET id: 0x8086a201 base: 0xfed00000
[    0.138092] kernel: ACPI: Core revision 20181213
[    0.195157] kernel: PM: Registering ACPI NVS region [mem 0xaf6bf000-0xaf7befff] (1048576 bytes)
[    0.195157] kernel: ACPI FADT declares the system doesn't support PCIe ASPM, so disable it
[    0.195157] kernel: ACPI: bus type PCI registered
[    0.195157] kernel: acpiphp: ACPI Hot Plug PCI Controller Driver version: 0.5
[    0.198470] kernel: ACPI: Added _OSI(Module Device)
[    0.198471] kernel: ACPI: Added _OSI(Processor Device)
[    0.198472] kernel: ACPI: Added _OSI(3.0 _SCP Extensions)
[    0.198473] kernel: ACPI: Added _OSI(Processor Aggregator Device)
[    0.198474] kernel: ACPI: Added _OSI(Linux-Dell-Video)
[    0.198475] kernel: ACPI: Added _OSI(Linux-Lenovo-NV-HDMI-Audio)
[    0.198476] kernel: ACPI: Added _OSI(Linux-HPI-Hybrid-Graphics)
[    0.209091] kernel: ACPI: 5 ACPI AML tables successfully acquired and loaded
[    0.211140] kernel: ACPI: Dynamic OEM Table Load:
[    0.211149] kernel: ACPI: SSDT 0xFFFF89BFC526F000 0007B4 (v01 PmRef  Cpu0Cst  00003001 INTL 20111123)
[    0.211428] kernel: ACPI: Dynamic OEM Table Load:
[    0.211428] kernel: ACPI: SSDT 0xFFFF89BFC52C1400 000303 (v01 PmRef  ApIst    00003000 INTL 20111123)
[    0.211428] kernel: ACPI: Dynamic OEM Table Load:
[    0.211428] kernel: ACPI: SSDT 0xFFFF89BFC4D4F000 000119 (v01 PmRef  ApCst    00003000 INTL 20111123)
[    0.215315] kernel: ACPI: EC: EC started
[    0.215316] kernel: ACPI: EC: interrupt blocked
[    0.216954] kernel: ACPI: \_SB_.PCI0.LPCB.EC0_: Used as first EC
[    0.216956] kernel: ACPI: \_SB_.PCI0.LPCB.EC0_: GPE=0x17, EC_CMD/EC_SC=0x66, EC_DATA=0x62
[    0.216957] kernel: ACPI: \_SB_.PCI0.LPCB.EC0_: Used as boot DSDT EC to handle transactions
[    0.216958] kernel: ACPI: Interpreter enabled
[    0.216985] kernel: ACPI: (supports S0 S3 S4 S5)
[    0.216986] kernel: ACPI: Using IOAPIC for interrupt routing
[    0.217021] kernel: PCI: Using host bridge windows from ACPI; if necessary, use "pci=nocrs" and report a bug
[    0.217272] kernel: ACPI: watchdog: Skipping WDAT on this system because it uses RTC SRAM
[    0.217288] kernel: ACPI: Enabled 7 GPEs in block 00 to 3F
[    0.225051] kernel: ACPI: PCI Root Bridge [PCI0] (domain 0000 [bus 00-3e])
[    0.230693] kernel: ACPI: PCI Interrupt Link [LNKA] (IRQs 1 3 4 5 6 10 11 12 14 15) *0, disabled.
[    0.230782] kernel: ACPI: PCI Interrupt Link [LNKB] (IRQs 1 3 4 5 6 10 11 12 14 15) *0, disabled.
[    0.230869] kernel: ACPI: PCI Interrupt Link [LNKC] (IRQs 1 3 4 5 6 10 11 12 14 15) *0, disabled.
[    0.230956] kernel: ACPI: PCI Interrupt Link [LNKD] (IRQs 1 3 4 5 6 10 11 12 14 15) *0, disabled.
[    0.231048] kernel: ACPI: PCI Interrupt Link [LNKE] (IRQs 1 3 4 5 6 10 11 12 14 15) *0, disabled.
[    0.231134] kernel: ACPI: PCI Interrupt Link [LNKF] (IRQs 1 3 4 5 6 10 11 12 14 15) *0, disabled.
[    0.231219] kernel: ACPI: PCI Interrupt Link [LNKG] (IRQs 1 3 4 5 6 10 11 12 14 15) *0, disabled.
[    0.231305] kernel: ACPI: PCI Interrupt Link [LNKH] (IRQs 1 3 4 5 6 10 11 12 14 15) *0, disabled.
[    0.231462] kernel: ACPI: EC: interrupt unblocked
[    0.231462] kernel: ACPI: EC: event unblocked
[    0.231462] kernel: ACPI: \_SB_.PCI0.LPCB.EC0_: GPE=0x17, EC_CMD/EC_SC=0x66, EC_DATA=0x62
[    0.231462] kernel: ACPI: \_SB_.PCI0.LPCB.EC0_: Used as boot DSDT EC to handle transactions and events
[    0.231464] kernel: ACPI: bus type USB registered
[    0.238669] kernel: PCI: Using ACPI for IRQ routing
[    0.254976] kernel: pnp: PnP ACPI init
[    0.255167] kernel: system 00:00: Plug and Play ACPI device, IDs PNP0c02 (active)
[    0.255196] kernel: pnp 00:01: Plug and Play ACPI device, IDs PNP0b00 (active)
[    0.255266] kernel: system 00:02: Plug and Play ACPI device, IDs INT3f0d PNP0c02 (active)
[    0.255355] kernel: pnp 00:03: Plug and Play ACPI device, IDs SNYa009 PNP030b (active)
[    0.255379] kernel: pnp 00:04: Plug and Play ACPI device, IDs SYN2705 SYN0300 SYN0002 PNP0f13 (active)
[    0.255608] kernel: system 00:05: Plug and Play ACPI device, IDs PNP0c02 (active)
[    0.255939] kernel: system 00:06: Plug and Play ACPI device, IDs PNP0c01 (active)
[    0.255965] kernel: pnp: PnP ACPI: found 7 devices
[    1.025294] kernel: ACPI: AC Adapter [ADP1] (off-line)
[    1.025389] kernel: ACPI: Lid Switch [LID0]
[    1.025433] kernel: ACPI: Power Button [PWRF]
[    1.026993] kernel: ACPI: Thermal Zone [TZS0] (57 C)
[    1.027316] kernel: ACPI: Thermal Zone [TZS1] (36 C)
[    1.028230] kernel: battery: ACPI: Battery Slot [BAT0] (battery present)
[    1.227881] kernel: ACPI: Video Device [PEGP] (multi-head: yes  rom: no  post: no)
[    1.234914] kernel: ACPI: watchdog: Skipping WDAT on this system because it uses RTC SRAM
[    1.234976] kernel: ACPI Warning: SystemIO range 0x0000000000000428-0x000000000000042F conflicts with OpRegion 0x0000000000000400-0x000000000000047F (\PMIO) (20181213/utaddress-213)
[    1.234983] kernel: ACPI: If an ACPI driver is available for this device, you should use it instead of the native driver
[    1.234987] kernel: ACPI Warning: SystemIO range 0x0000000000000540-0x000000000000054F conflicts with OpRegion 0x0000000000000500-0x0000000000000563 (\GPIO) (20181213/utaddress-213)
[    1.234991] kernel: ACPI: If an ACPI driver is available for this device, you should use it instead of the native driver
[    1.234992] kernel: ACPI Warning: SystemIO range 0x0000000000000530-0x000000000000053F conflicts with OpRegion 0x0000000000000500-0x0000000000000563 (\GPIO) (20181213/utaddress-213)
[    1.234996] kernel: ACPI: If an ACPI driver is available for this device, you should use it instead of the native driver
[    1.234997] kernel: ACPI Warning: SystemIO range 0x0000000000000500-0x000000000000052F conflicts with OpRegion 0x0000000000000500-0x0000000000000563 (\GPIO) (20181213/utaddress-213)
[    1.235000] kernel: ACPI: If an ACPI driver is available for this device, you should use it instead of the native driver
[   10.825918] kernel: acer_wmi: Acer Laptop ACPI-WMI Extras
Oct  2 16:30:46 nikita-SVE1713Y1RB kernel: [    0.000000] BIOS-e820: [mem 0x00000000af6bf000-0x00000000af7befff] ACPI NVS
Oct  2 16:30:46 nikita-SVE1713Y1RB kernel: [    0.000000] BIOS-e820: [mem 0x00000000af7bf000-0x00000000af7fefff] ACPI data
Oct  2 16:30:46 nikita-SVE1713Y1RB kernel: [    0.000000] efi:  ACPI=0xaf7fe000  ACPI 2.0=0xaf7fe014  SMBIOS=0xaf6bdf18 
Oct  2 16:30:46 nikita-SVE1713Y1RB kernel: [    0.022258] ACPI: Early table checksum verification disabled
Oct  2 16:30:46 nikita-SVE1713Y1RB kernel: [    0.022262] ACPI: RSDP 0x00000000AF7FE014 000024 (v02 Sony  )
Oct  2 16:30:46 nikita-SVE1713Y1RB kernel: [    0.022266] ACPI: XSDT 0x00000000AF7FE210 0000BC (v01 Sony   VAIO     20121113      01000013)
Oct  2 16:30:46 nikita-SVE1713Y1RB kernel: [    0.022272] ACPI: FACP 0x00000000AF7FA000 00010C (v05 Sony   VAIO     20121113 ACPI 00040000)
Oct  2 16:30:46 nikita-SVE1713Y1RB kernel: [    0.022279] ACPI: DSDT 0x00000000AF7EC000 00A9B1 (v02 Sony   VAIO     20121113 ACPI 00040000)
Oct  2 16:30:46 nikita-SVE1713Y1RB kernel: [    0.022282] ACPI: FACS 0x00000000AF7BA000 000040
Oct  2 16:30:46 nikita-SVE1713Y1RB kernel: [    0.022285] ACPI: SSDT 0x00000000AF7FD000 0005E3 (v01 Sony   VAIO     20121113 ACPI 00040000)
Oct  2 16:30:46 nikita-SVE1713Y1RB kernel: [    0.022288] ACPI: UEFI 0x00000000AF7FC000 000236 (v01 Sony   VAIO     20121113 ACPI 00040000)
Oct  2 16:30:46 nikita-SVE1713Y1RB kernel: [    0.022291] ACPI: ASF! 0x00000000AF7FB000 0000A5 (v32 Sony   VAIO     20121113 ACPI 00040000)
Oct  2 16:30:46 nikita-SVE1713Y1RB kernel: [    0.022294] ACPI: HPET 0x00000000AF7F9000 000038 (v01 Sony   VAIO     20121113 ACPI 00040000)
Oct  2 16:30:46 nikita-SVE1713Y1RB kernel: [    0.022297] ACPI: APIC 0x00000000AF7F8000 00008C (v03 Sony   VAIO     20121113 ACPI 00040000)
Oct  2 16:30:46 nikita-SVE1713Y1RB kernel: [    0.022301] ACPI: MCFG 0x00000000AF7F7000 00003C (v01 Sony   VAIO     20121113 ACPI 00040000)
Oct  2 16:30:46 nikita-SVE1713Y1RB kernel: [    0.022304] ACPI: SLIC 0x00000000AF7EB000 000176 (v01 Sony   VAIO     20121113 ACPI 00040000)
Oct  2 16:30:46 nikita-SVE1713Y1RB kernel: [    0.022307] ACPI: WDAT 0x00000000AF7EA000 000224 (v01 Sony   VAIO     20121113 ACPI 00040000)
Oct  2 16:30:46 nikita-SVE1713Y1RB kernel: [    0.022310] ACPI: SSDT 0x00000000AF7E8000 001068 (v01 Sony   VAIO     20121113 ACPI 00040000)
Oct  2 16:30:46 nikita-SVE1713Y1RB kernel: [    0.022313] ACPI: BOOT 0x00000000AF7E6000 000028 (v01 Sony   VAIO     20121113 ACPI 00040000)
Oct  2 16:30:46 nikita-SVE1713Y1RB kernel: [    0.022316] ACPI: ASPT 0x00000000AF7E4000 000034 (v07 Sony   VAIO     20121113 ACPI 00040000)
Oct  2 16:30:46 nikita-SVE1713Y1RB kernel: [    0.022319] ACPI: DBGP 0x00000000AF7E3000 000034 (v01 Sony   VAIO     20121113 ACPI 00040000)
Oct  2 16:30:46 nikita-SVE1713Y1RB kernel: [    0.022322] ACPI: FPDT 0x00000000AF7E1000 000044 (v01 Sony   VAIO     20121113 ACPI 00040000)
Oct  2 16:30:46 nikita-SVE1713Y1RB kernel: [    0.022325] ACPI: MSDM 0x00000000AF7E0000 000055 (v03 Sony   VAIO     20121113 ACPI 00040000)
Oct  2 16:30:46 nikita-SVE1713Y1RB kernel: [    0.022328] ACPI: SSDT 0x00000000AF7DF000 0008A2 (v01 Sony   VAIO     20121113 ACPI 00040000)
Oct  2 16:30:46 nikita-SVE1713Y1RB kernel: [    0.022331] ACPI: SSDT 0x00000000AF7DE000 000A92 (v01 Sony   VAIO     20121113 ACPI 00040000)
Oct  2 16:30:46 nikita-SVE1713Y1RB kernel: [    0.022334] ACPI: VFCT 0x00000000AF7D8000 005484 (v01 Sony   VAIO     20121113 ACPI 00040000)
Oct  2 16:30:46 nikita-SVE1713Y1RB kernel: [    0.022338] ACPI: BGRT 0x00000000AF7D7000 000038 (v01 INSYDE H2O BIOS 00000001 ACPI 00040000)
Oct  2 16:30:46 nikita-SVE1713Y1RB kernel: [    0.022350] ACPI: Local APIC address 0xfee00000
Oct  2 16:30:46 nikita-SVE1713Y1RB kernel: [    0.087794] ACPI: PM-Timer IO Port: 0x408
Oct  2 16:30:46 nikita-SVE1713Y1RB kernel: [    0.087797] ACPI: Local APIC address 0xfee00000
Oct  2 16:30:46 nikita-SVE1713Y1RB kernel: [    0.087817] ACPI: INT_SRC_OVR (bus 0 bus_irq 0 global_irq 2 dfl dfl)
Oct  2 16:30:46 nikita-SVE1713Y1RB kernel: [    0.087819] ACPI: INT_SRC_OVR (bus 0 bus_irq 9 global_irq 9 high level)
Oct  2 16:30:46 nikita-SVE1713Y1RB kernel: [    0.087820] ACPI: IRQ0 used by override.
Oct  2 16:30:46 nikita-SVE1713Y1RB kernel: [    0.087821] ACPI: IRQ9 used by override.
Oct  2 16:30:46 nikita-SVE1713Y1RB kernel: [    0.087823] Using ACPI (MADT) for SMP configuration information
Oct  2 16:30:46 nikita-SVE1713Y1RB kernel: [    0.087825] ACPI: HPET id: 0x8086a201 base: 0xfed00000
Oct  2 16:30:46 nikita-SVE1713Y1RB kernel: [    0.138092] ACPI: Core revision 20181213
Oct  2 16:30:46 nikita-SVE1713Y1RB kernel: [    0.195157] PM: Registering ACPI NVS region [mem 0xaf6bf000-0xaf7befff] (1048576 bytes)
Oct  2 16:30:46 nikita-SVE1713Y1RB kernel: [    0.195157] ACPI FADT declares the system doesn't support PCIe ASPM, so disable it
Oct  2 16:30:46 nikita-SVE1713Y1RB kernel: [    0.195157] ACPI: bus type PCI registered
Oct  2 16:30:46 nikita-SVE1713Y1RB kernel: [    0.195157] acpiphp: ACPI Hot Plug PCI Controller Driver version: 0.5
Oct  2 16:30:46 nikita-SVE1713Y1RB kernel: [    0.198470] ACPI: Added _OSI(Module Device)
Oct  2 16:30:46 nikita-SVE1713Y1RB kernel: [    0.198471] ACPI: Added _OSI(Processor Device)
Oct  2 16:30:46 nikita-SVE1713Y1RB kernel: [    0.198472] ACPI: Added _OSI(3.0 _SCP Extensions)
Oct  2 16:30:46 nikita-SVE1713Y1RB kernel: [    0.198473] ACPI: Added _OSI(Processor Aggregator Device)
Oct  2 16:30:46 nikita-SVE1713Y1RB kernel: [    0.198474] ACPI: Added _OSI(Linux-Dell-Video)
Oct  2 16:30:46 nikita-SVE1713Y1RB kernel: [    0.198475] ACPI: Added _OSI(Linux-Lenovo-NV-HDMI-Audio)
Oct  2 16:30:46 nikita-SVE1713Y1RB kernel: [    0.198476] ACPI: Added _OSI(Linux-HPI-Hybrid-Graphics)
Oct  2 16:30:46 nikita-SVE1713Y1RB kernel: [    0.209091] ACPI: 5 ACPI AML tables successfully acquired and loaded
Oct  2 16:30:46 nikita-SVE1713Y1RB kernel: [    0.211140] ACPI: Dynamic OEM Table Load:
Oct  2 16:30:46 nikita-SVE1713Y1RB kernel: [    0.211149] ACPI: SSDT 0xFFFF89BFC526F000 0007B4 (v01 PmRef  Cpu0Cst  00003001 INTL 20111123)
Oct  2 16:30:46 nikita-SVE1713Y1RB kernel: [    0.211428] ACPI: Dynamic OEM Table Load:
Oct  2 16:30:46 nikita-SVE1713Y1RB kernel: [    0.211428] ACPI: SSDT 0xFFFF89BFC52C1400 000303 (v01 PmRef  ApIst    00003000 INTL 20111123)
Oct  2 16:30:46 nikita-SVE1713Y1RB kernel: [    0.211428] ACPI: Dynamic OEM Table Load:
Oct  2 16:30:46 nikita-SVE1713Y1RB kernel: [    0.211428] ACPI: SSDT 0xFFFF89BFC4D4F000 000119 (v01 PmRef  ApCst    00003000 INTL 20111123)
Oct  2 16:30:46 nikita-SVE1713Y1RB kernel: [    0.215315] ACPI: EC: EC started
Oct  2 16:30:46 nikita-SVE1713Y1RB kernel: [    0.215316] ACPI: EC: interrupt blocked
Oct  2 16:30:46 nikita-SVE1713Y1RB kernel: [    0.216954] ACPI: \_SB_.PCI0.LPCB.EC0_: Used as first EC
Oct  2 16:30:46 nikita-SVE1713Y1RB kernel: [    0.216956] ACPI: \_SB_.PCI0.LPCB.EC0_: GPE=0x17, EC_CMD/EC_SC=0x66, EC_DATA=0x62
Oct  2 16:30:46 nikita-SVE1713Y1RB kernel: [    0.216957] ACPI: \_SB_.PCI0.LPCB.EC0_: Used as boot DSDT EC to handle transactions
Oct  2 16:30:46 nikita-SVE1713Y1RB kernel: [    0.216958] ACPI: Interpreter enabled
Oct  2 16:30:46 nikita-SVE1713Y1RB kernel: [    0.216985] ACPI: (supports S0 S3 S4 S5)
Oct  2 16:30:46 nikita-SVE1713Y1RB kernel: [    0.216986] ACPI: Using IOAPIC for interrupt routing
Oct  2 16:30:46 nikita-SVE1713Y1RB kernel: [    0.217021] PCI: Using host bridge windows from ACPI; if necessary, use "pci=nocrs" and report a bug
Oct  2 16:30:46 nikita-SVE1713Y1RB kernel: [    0.217272] ACPI: watchdog: Skipping WDAT on this system because it uses RTC SRAM
Oct  2 16:30:46 nikita-SVE1713Y1RB kernel: [    0.217288] ACPI: Enabled 7 GPEs in block 00 to 3F
Oct  2 16:30:46 nikita-SVE1713Y1RB kernel: [    0.225051] ACPI: PCI Root Bridge [PCI0] (domain 0000 [bus 00-3e])
Oct  2 16:30:46 nikita-SVE1713Y1RB kernel: [    0.230693] ACPI: PCI Interrupt Link [LNKA] (IRQs 1 3 4 5 6 10 11 12 14 15) *0, disabled.
Oct  2 16:30:46 nikita-SVE1713Y1RB kernel: [    0.230782] ACPI: PCI Interrupt Link [LNKB] (IRQs 1 3 4 5 6 10 11 12 14 15) *0, disabled.
Oct  2 16:30:46 nikita-SVE1713Y1RB kernel: [    0.230869] ACPI: PCI Interrupt Link [LNKC] (IRQs 1 3 4 5 6 10 11 12 14 15) *0, disabled.
Oct  2 16:30:46 nikita-SVE1713Y1RB kernel: [    0.230956] ACPI: PCI Interrupt Link [LNKD] (IRQs 1 3 4 5 6 10 11 12 14 15) *0, disabled.
Oct  2 16:30:46 nikita-SVE1713Y1RB kernel: [    0.231048] ACPI: PCI Interrupt Link [LNKE] (IRQs 1 3 4 5 6 10 11 12 14 15) *0, disabled.
Oct  2 16:30:46 nikita-SVE1713Y1RB kernel: [    0.231134] ACPI: PCI Interrupt Link [LNKF] (IRQs 1 3 4 5 6 10 11 12 14 15) *0, disabled.
Oct  2 16:30:46 nikita-SVE1713Y1RB kernel: [    0.231219] ACPI: PCI Interrupt Link [LNKG] (IRQs 1 3 4 5 6 10 11 12 14 15) *0, disabled.
Oct  2 16:30:46 nikita-SVE1713Y1RB kernel: [    0.231305] ACPI: PCI Interrupt Link [LNKH] (IRQs 1 3 4 5 6 10 11 12 14 15) *0, disabled.
Oct  2 16:30:46 nikita-SVE1713Y1RB kernel: [    0.231462] ACPI: EC: interrupt unblocked
Oct  2 16:30:46 nikita-SVE1713Y1RB kernel: [    0.231462] ACPI: EC: event unblocked
Oct  2 16:30:46 nikita-SVE1713Y1RB kernel: [    0.231462] ACPI: \_SB_.PCI0.LPCB.EC0_: GPE=0x17, EC_CMD/EC_SC=0x66, EC_DATA=0x62
Oct  2 16:30:46 nikita-SVE1713Y1RB kernel: [    0.231462] ACPI: \_SB_.PCI0.LPCB.EC0_: Used as boot DSDT EC to handle transactions and events
Oct  2 16:30:46 nikita-SVE1713Y1RB kernel: [    0.231464] ACPI: bus type USB registered
Oct  2 16:30:46 nikita-SVE1713Y1RB kernel: [    0.238669] PCI: Using ACPI for IRQ routing
Oct  2 16:30:46 nikita-SVE1713Y1RB kernel: [    0.254976] pnp: PnP ACPI init
Oct  2 16:30:46 nikita-SVE1713Y1RB kernel: [    0.255167] system 00:00: Plug and Play ACPI device, IDs PNP0c02 (active)
Oct  2 16:30:46 nikita-SVE1713Y1RB kernel: [    0.255196] pnp 00:01: Plug and Play ACPI device, IDs PNP0b00 (active)
Oct  2 16:30:46 nikita-SVE1713Y1RB kernel: [    0.255266] system 00:02: Plug and Play ACPI device, IDs INT3f0d PNP0c02 (active)
Oct  2 16:30:46 nikita-SVE1713Y1RB kernel: [    0.255355] pnp 00:03: Plug and Play ACPI device, IDs SNYa009 PNP030b (active)
Oct  2 16:30:46 nikita-SVE1713Y1RB kernel: [    0.255379] pnp 00:04: Plug and Play ACPI device, IDs SYN2705 SYN0300 SYN0002 PNP0f13 (active)
Oct  2 16:30:46 nikita-SVE1713Y1RB kernel: [    0.255608] system 00:05: Plug and Play ACPI device, IDs PNP0c02 (active)
Oct  2 16:30:46 nikita-SVE1713Y1RB kernel: [    0.255939] system 00:06: Plug and Play ACPI device, IDs PNP0c01 (active)
Oct  2 16:30:46 nikita-SVE1713Y1RB kernel: [    0.255965] pnp: PnP ACPI: found 7 devices
Oct  2 16:30:46 nikita-SVE1713Y1RB kernel: [    1.025294] ACPI: AC Adapter [ADP1] (off-line)
Oct  2 16:30:46 nikita-SVE1713Y1RB kernel: [    1.025389] ACPI: Lid Switch [LID0]
Oct  2 16:30:46 nikita-SVE1713Y1RB kernel: [    1.025433] ACPI: Power Button [PWRF]
Oct  2 16:30:46 nikita-SVE1713Y1RB kernel: [    1.026993] ACPI: Thermal Zone [TZS0] (57 C)
Oct  2 16:30:46 nikita-SVE1713Y1RB kernel: [    1.027316] ACPI: Thermal Zone [TZS1] (36 C)
Oct  2 16:30:46 nikita-SVE1713Y1RB kernel: [    1.028230] battery: ACPI: Battery Slot [BAT0] (battery present)
Oct  2 16:30:46 nikita-SVE1713Y1RB kernel: [    1.227881] ACPI: Video Device [PEGP] (multi-head: yes  rom: no  post: no)
Oct  2 16:30:46 nikita-SVE1713Y1RB kernel: [    1.234914] ACPI: watchdog: Skipping WDAT on this system because it uses RTC SRAM
Oct  2 16:30:46 nikita-SVE1713Y1RB kernel: [    1.234976] ACPI Warning: SystemIO range 0x0000000000000428-0x000000000000042F conflicts with OpRegion 0x0000000000000400-0x000000000000047F (\PMIO) (20181213/utaddress-213)
Oct  2 16:30:46 nikita-SVE1713Y1RB kernel: [    1.234983] ACPI: If an ACPI driver is available for this device, you should use it instead of the native driver
Oct  2 16:30:46 nikita-SVE1713Y1RB kernel: [    1.234987] ACPI Warning: SystemIO range 0x0000000000000540-0x000000000000054F conflicts with OpRegion 0x0000000000000500-0x0000000000000563 (\GPIO) (20181213/utaddress-213)
Oct  2 16:30:46 nikita-SVE1713Y1RB kernel: [    1.234991] ACPI: If an ACPI driver is available for this device, you should use it instead of the native driver
Oct  2 16:30:46 nikita-SVE1713Y1RB kernel: [    1.234992] ACPI Warning: SystemIO range 0x0000000000000530-0x000000000000053F conflicts with OpRegion 0x0000000000000500-0x0000000000000563 (\GPIO) (20181213/utaddress-213)
Oct  2 16:30:46 nikita-SVE1713Y1RB kernel: [    1.234996] ACPI: If an ACPI driver is available for this device, you should use it instead of the native driver
Oct  2 16:30:46 nikita-SVE1713Y1RB kernel: [    1.234997] ACPI Warning: SystemIO range 0x0000000000000500-0x000000000000052F conflicts with OpRegion 0x0000000000000500-0x0000000000000563 (\GPIO) (20181213/utaddress-213)
Oct  2 16:30:46 nikita-SVE1713Y1RB kernel: [    1.235000] ACPI: If an ACPI driver is available for this device, you should use it instead of the native driver
Oct  2 16:30:46 nikita-SVE1713Y1RB kernel: [   10.825918] acer_wmi: Acer Laptop ACPI-WMI Extras
Oct  3 07:54:57 nikita-SVE1713Y1RB kernel: [48373.829663] ACPI: EC: interrupt blocked
Oct  3 07:54:57 nikita-SVE1713Y1RB kernel: [48373.849424] ACPI: Preparing to enter system sleep state S3
Oct  3 07:54:57 nikita-SVE1713Y1RB kernel: [48373.850998] ACPI: EC: event blocked
Oct  3 07:54:57 nikita-SVE1713Y1RB kernel: [48373.850999] ACPI: EC: EC stopped
Oct  3 07:54:57 nikita-SVE1713Y1RB kernel: [48373.883440] ACPI: Low-level resume complete
Oct  3 07:54:57 nikita-SVE1713Y1RB kernel: [48373.883495] ACPI: EC: EC started
Oct  3 07:54:57 nikita-SVE1713Y1RB kernel: [48373.920516] ACPI: Waking up from system sleep state S3
Oct  3 07:54:57 nikita-SVE1713Y1RB kernel: [48373.925003] ACPI: EC: interrupt unblocked
Oct  3 07:54:57 nikita-SVE1713Y1RB kernel: [48373.962942] ACPI: EC: event unblocked
Oct  3 12:19:10 nikita-SVE1713Y1RB kernel: [52294.936942] ACPI: EC: interrupt blocked
Oct  3 12:19:10 nikita-SVE1713Y1RB kernel: [52294.954706] ACPI: Preparing to enter system sleep state S3
Oct  3 12:19:10 nikita-SVE1713Y1RB kernel: [52294.956561] ACPI: EC: event blocked
Oct  3 12:19:10 nikita-SVE1713Y1RB kernel: [52294.956562] ACPI: EC: EC stopped
Oct  3 12:19:10 nikita-SVE1713Y1RB kernel: [52294.985316] ACPI: Low-level resume complete
Oct  3 12:19:10 nikita-SVE1713Y1RB kernel: [52294.985370] ACPI: EC: EC started
Oct  3 12:19:10 nikita-SVE1713Y1RB kernel: [52295.022606] ACPI: Waking up from system sleep state S3
Oct  3 12:19:10 nikita-SVE1713Y1RB kernel: [52295.027351] ACPI: EC: interrupt unblocked
Oct  3 12:19:10 nikita-SVE1713Y1RB kernel: [52295.064275] ACPI: EC: event unblocked
Oct  3 12:19:10 nikita-SVE1713Y1RB kernel: [52295.076961] ACPI: button: The lid device is not compliant to SW_LID.
Oct  3 17:37:32 nikita-SVE1713Y1RB kernel: [65340.916843] ACPI: EC: interrupt blocked
Oct  3 17:37:32 nikita-SVE1713Y1RB kernel: [65340.935733] ACPI: Preparing to enter system sleep state S3
Oct  3 17:37:32 nikita-SVE1713Y1RB kernel: [65340.937631] ACPI: EC: event blocked
Oct  3 17:37:32 nikita-SVE1713Y1RB kernel: [65340.937632] ACPI: EC: EC stopped
Oct  3 17:37:32 nikita-SVE1713Y1RB kernel: [65340.966509] ACPI: Low-level resume complete
Oct  3 17:37:32 nikita-SVE1713Y1RB kernel: [65340.966563] ACPI: EC: EC started
Oct  3 17:37:32 nikita-SVE1713Y1RB kernel: [65341.004076] ACPI: Waking up from system sleep state S3
Oct  3 17:37:32 nikita-SVE1713Y1RB kernel: [65341.008215] ACPI: EC: interrupt unblocked
Oct  3 17:37:32 nikita-SVE1713Y1RB kernel: [65341.045390] ACPI: EC: event unblocked
Oct  4 08:07:01 nikita-SVE1713Y1RB kernel: [92066.257701] ACPI: EC: interrupt blocked
Oct  4 08:07:01 nikita-SVE1713Y1RB kernel: [92066.278784] ACPI: Preparing to enter system sleep state S3
Oct  4 08:07:01 nikita-SVE1713Y1RB kernel: [92066.280651] ACPI: EC: event blocked
Oct  4 08:07:01 nikita-SVE1713Y1RB kernel: [92066.280652] ACPI: EC: EC stopped
Oct  4 08:07:01 nikita-SVE1713Y1RB kernel: [92066.314166] ACPI: Low-level resume complete
Oct  4 08:07:01 nikita-SVE1713Y1RB kernel: [92066.314221] ACPI: EC: EC started
Oct  4 08:07:01 nikita-SVE1713Y1RB kernel: [92066.353170] ACPI: Waking up from system sleep state S3
Oct  4 08:07:01 nikita-SVE1713Y1RB kernel: [92066.357717] ACPI: EC: interrupt unblocked
Oct  4 08:07:01 nikita-SVE1713Y1RB kernel: [92066.396425] ACPI: EC: event unblocked
Oct  4 08:22:31 nikita-SVE1713Y1RB kernel: [92967.056489] ACPI: EC: interrupt blocked
Oct  4 08:22:31 nikita-SVE1713Y1RB kernel: [92967.077052] ACPI: Preparing to enter system sleep state S3
Oct  4 08:22:31 nikita-SVE1713Y1RB kernel: [92967.078975] ACPI: EC: event blocked
Oct  4 08:22:31 nikita-SVE1713Y1RB kernel: [92967.078976] ACPI: EC: EC stopped
Oct  4 08:22:31 nikita-SVE1713Y1RB kernel: [92967.106490] ACPI: Low-level resume complete
Oct  4 08:22:31 nikita-SVE1713Y1RB kernel: [92967.106542] ACPI: EC: EC started
Oct  4 08:22:31 nikita-SVE1713Y1RB kernel: [92967.145284] ACPI: Waking up from system sleep state S3
Oct  4 08:22:31 nikita-SVE1713Y1RB kernel: [92967.149319] ACPI: EC: interrupt unblocked
Oct  4 08:22:31 nikita-SVE1713Y1RB kernel: [92967.186725] ACPI: EC: event unblocked
Oct  4 15:09:42 nikita-SVE1713Y1RB kernel: [96019.991880] ACPI: EC: interrupt blocked
Oct  4 15:09:42 nikita-SVE1713Y1RB kernel: [96020.011322] ACPI: Preparing to enter system sleep state S3
Oct  4 15:09:42 nikita-SVE1713Y1RB kernel: [96020.013146] ACPI: EC: event blocked
Oct  4 15:09:42 nikita-SVE1713Y1RB kernel: [96020.013147] ACPI: EC: EC stopped
Oct  4 15:09:42 nikita-SVE1713Y1RB kernel: [96020.045458] ACPI: Low-level resume complete
Oct  4 15:09:42 nikita-SVE1713Y1RB kernel: [96020.045512] ACPI: EC: EC started
Oct  4 15:09:42 nikita-SVE1713Y1RB kernel: [96020.084285] ACPI: Waking up from system sleep state S3
Oct  4 15:09:42 nikita-SVE1713Y1RB kernel: [96020.088446] ACPI: EC: interrupt unblocked
Oct  4 15:09:42 nikita-SVE1713Y1RB kernel: [96020.128605] ACPI: EC: event unblocked
Oct  4 18:08:53 nikita-SVE1713Y1RB kernel: [101661.768105] ACPI: EC: interrupt blocked
Oct  4 18:08:53 nikita-SVE1713Y1RB kernel: [101661.788209] ACPI: Preparing to enter system sleep state S3
Oct  4 18:08:53 nikita-SVE1713Y1RB kernel: [101661.790033] ACPI: EC: event blocked
Oct  4 18:08:53 nikita-SVE1713Y1RB kernel: [101661.790034] ACPI: EC: EC stopped
Oct  4 18:08:53 nikita-SVE1713Y1RB kernel: [101661.819673] ACPI: Low-level resume complete
Oct  4 18:08:53 nikita-SVE1713Y1RB kernel: [101661.819727] ACPI: EC: EC started
Oct  4 18:08:53 nikita-SVE1713Y1RB kernel: [101661.856277] ACPI: Waking up from system sleep state S3
Oct  4 18:08:53 nikita-SVE1713Y1RB kernel: [101661.861247] ACPI: EC: interrupt unblocked
Oct  4 18:08:53 nikita-SVE1713Y1RB kernel: [101661.901870] ACPI: EC: event unblocked
Oct  5 07:38:11 nikita-SVE1713Y1RB kernel: [121434.801308] ACPI: EC: interrupt blocked
Oct  5 07:38:11 nikita-SVE1713Y1RB kernel: [121434.820999] ACPI: Preparing to enter system sleep state S3
Oct  5 07:38:11 nikita-SVE1713Y1RB kernel: [121434.822774] ACPI: EC: event blocked
Oct  5 07:38:11 nikita-SVE1713Y1RB kernel: [121434.822775] ACPI: EC: EC stopped
Oct  5 07:38:11 nikita-SVE1713Y1RB kernel: [121434.852397] ACPI: Low-level resume complete
Oct  5 07:38:11 nikita-SVE1713Y1RB kernel: [121434.852450] ACPI: EC: EC started
Oct  5 07:38:11 nikita-SVE1713Y1RB kernel: [121434.889504] ACPI: Waking up from system sleep state S3
Oct  5 07:38:11 nikita-SVE1713Y1RB kernel: [121434.893683] ACPI: EC: interrupt unblocked
Oct  5 07:38:11 nikita-SVE1713Y1RB kernel: [121434.934549] ACPI: EC: event unblocked
Oct  5 13:45:41 nikita-SVE1713Y1RB kernel: [143480.707461] ACPI: EC: interrupt blocked
Oct  5 13:45:41 nikita-SVE1713Y1RB kernel: [143480.726500] ACPI: Preparing to enter system sleep state S3
Oct  5 13:45:41 nikita-SVE1713Y1RB kernel: [143480.728126] ACPI: EC: event blocked
Oct  5 13:45:41 nikita-SVE1713Y1RB kernel: [143480.728126] ACPI: EC: EC stopped
Oct  5 13:45:41 nikita-SVE1713Y1RB kernel: [143480.757180] ACPI: Low-level resume complete
Oct  5 13:45:41 nikita-SVE1713Y1RB kernel: [143480.757232] ACPI: EC: EC started
Oct  5 13:45:41 nikita-SVE1713Y1RB kernel: [143480.795964] ACPI: Waking up from system sleep state S3
Oct  5 13:45:41 nikita-SVE1713Y1RB kernel: [143480.799926] ACPI: EC: interrupt unblocked
Oct  5 13:45:41 nikita-SVE1713Y1RB kernel: [143480.839742] ACPI: EC: event unblocked
Oct  5 23:17:17 nikita-SVE1713Y1RB kernel: [149142.209108] ACPI: EC: interrupt blocked
Oct  5 23:17:17 nikita-SVE1713Y1RB kernel: [149142.227819] ACPI: Preparing to enter system sleep state S3
Oct  5 23:17:17 nikita-SVE1713Y1RB kernel: [149142.229515] ACPI: EC: event blocked
Oct  5 23:17:17 nikita-SVE1713Y1RB kernel: [149142.229516] ACPI: EC: EC stopped
Oct  5 23:17:17 nikita-SVE1713Y1RB kernel: [149142.260136] ACPI: Low-level resume complete
Oct  5 23:17:17 nikita-SVE1713Y1RB kernel: [149142.260190] ACPI: EC: EC started
Oct  5 23:17:17 nikita-SVE1713Y1RB kernel: [149142.296887] ACPI: Waking up from system sleep state S3
Oct  5 23:17:17 nikita-SVE1713Y1RB kernel: [149142.301013] ACPI: EC: interrupt unblocked
Oct  5 23:17:17 nikita-SVE1713Y1RB kernel: [149142.341357] ACPI: EC: event unblocked
Oct  8 09:28:38 nikita-SVE1713Y1RB kernel: [206314.643736] ACPI: EC: interrupt blocked
Oct  8 09:28:38 nikita-SVE1713Y1RB kernel: [206314.661373] ACPI: Preparing to enter system sleep state S3
Oct  8 09:28:38 nikita-SVE1713Y1RB kernel: [206314.663096] ACPI: EC: event blocked
Oct  8 09:28:38 nikita-SVE1713Y1RB kernel: [206314.663097] ACPI: EC: EC stopped
Oct  8 09:28:38 nikita-SVE1713Y1RB kernel: [206314.693399] ACPI: Low-level resume complete
Oct  8 09:28:38 nikita-SVE1713Y1RB kernel: [206314.693453] ACPI: EC: EC started
Oct  8 09:28:38 nikita-SVE1713Y1RB kernel: [206314.730885] ACPI: Waking up from system sleep state S3
Oct  8 09:28:38 nikita-SVE1713Y1RB kernel: [206314.734868] ACPI: EC: interrupt unblocked
Oct  8 09:28:38 nikita-SVE1713Y1RB kernel: [206314.774909] ACPI: EC: event unblocked
Oct  8 10:44:57 nikita-SVE1713Y1RB kernel: [209899.194619] ACPI: EC: interrupt blocked
Oct  8 10:44:57 nikita-SVE1713Y1RB kernel: [209899.212676] ACPI: Preparing to enter system sleep state S3
Oct  8 10:44:57 nikita-SVE1713Y1RB kernel: [209899.214300] ACPI: EC: event blocked
Oct  8 10:44:57 nikita-SVE1713Y1RB kernel: [209899.214301] ACPI: EC: EC stopped
Oct  8 10:44:57 nikita-SVE1713Y1RB kernel: [209899.244417] ACPI: Low-level resume complete
Oct  8 10:44:57 nikita-SVE1713Y1RB kernel: [209899.244471] ACPI: EC: EC started
Oct  8 10:44:57 nikita-SVE1713Y1RB kernel: [209899.282153] ACPI: Waking up from system sleep state S3
Oct  8 10:44:57 nikita-SVE1713Y1RB kernel: [209899.286195] ACPI: EC: interrupt unblocked
Oct  8 10:44:57 nikita-SVE1713Y1RB kernel: [209899.326147] ACPI: EC: event unblocked
Oct  6 08:44:31 nikita-SVE1713Y1RB kernel: [158940.175964] ACPI: EC: interrupt blocked
Oct  6 08:44:31 nikita-SVE1713Y1RB kernel: [158940.194766] ACPI: Preparing to enter system sleep state S3
Oct  6 08:44:31 nikita-SVE1713Y1RB kernel: [158940.196539] ACPI: EC: event blocked
Oct  6 08:44:31 nikita-SVE1713Y1RB kernel: [158940.196540] ACPI: EC: EC stopped
Oct  6 08:44:31 nikita-SVE1713Y1RB kernel: [158940.227936] ACPI: Low-level resume complete
Oct  6 08:44:31 nikita-SVE1713Y1RB kernel: [158940.227990] ACPI: EC: EC started
Oct  6 08:44:31 nikita-SVE1713Y1RB kernel: [158940.264710] ACPI: Waking up from system sleep state S3
Oct  6 08:44:31 nikita-SVE1713Y1RB kernel: [158940.268833] ACPI: EC: interrupt unblocked
Oct  6 08:44:31 nikita-SVE1713Y1RB kernel: [158940.312401] ACPI: EC: event unblocked
Oct  6 11:18:05 nikita-SVE1713Y1RB kernel: [168151.162713] ACPI: EC: interrupt blocked
Oct  6 11:18:05 nikita-SVE1713Y1RB kernel: [168151.182113] ACPI: Preparing to enter system sleep state S3
Oct  6 11:18:05 nikita-SVE1713Y1RB kernel: [168151.183884] ACPI: EC: event blocked
Oct  6 11:18:05 nikita-SVE1713Y1RB kernel: [168151.183885] ACPI: EC: EC stopped
Oct  6 11:18:05 nikita-SVE1713Y1RB kernel: [168151.211890] ACPI: Low-level resume complete
Oct  6 11:18:05 nikita-SVE1713Y1RB kernel: [168151.211945] ACPI: EC: EC started
Oct  6 11:18:05 nikita-SVE1713Y1RB kernel: [168151.249139] ACPI: Waking up from system sleep state S3
Oct  6 11:18:05 nikita-SVE1713Y1RB kernel: [168151.253549] ACPI: EC: interrupt unblocked
Oct  6 11:18:05 nikita-SVE1713Y1RB kernel: [168151.291717] ACPI: EC: event unblocked
Oct  7 07:54:29 nikita-SVE1713Y1RB kernel: [168338.338182] ACPI: EC: interrupt blocked
Oct  7 07:54:29 nikita-SVE1713Y1RB kernel: [168338.357494] ACPI: Preparing to enter system sleep state S3
Oct  7 07:54:29 nikita-SVE1713Y1RB kernel: [168338.359141] ACPI: EC: event blocked
Oct  7 07:54:29 nikita-SVE1713Y1RB kernel: [168338.359142] ACPI: EC: EC stopped
Oct  7 07:54:29 nikita-SVE1713Y1RB kernel: [168338.386474] ACPI: Low-level resume complete
Oct  7 07:54:29 nikita-SVE1713Y1RB kernel: [168338.386528] ACPI: EC: EC started
Oct  7 07:54:29 nikita-SVE1713Y1RB kernel: [168338.423862] ACPI: Waking up from system sleep state S3
Oct  7 07:54:29 nikita-SVE1713Y1RB kernel: [168338.428322] ACPI: EC: interrupt unblocked
Oct  7 07:54:29 nikita-SVE1713Y1RB kernel: [168338.467459] ACPI: EC: event unblocked
Oct  7 15:19:01 nikita-SVE1713Y1RB kernel: [174496.414318] ACPI: EC: interrupt blocked
Oct  7 15:19:01 nikita-SVE1713Y1RB kernel: [174496.433451] ACPI: Preparing to enter system sleep state S3
Oct  7 15:19:01 nikita-SVE1713Y1RB kernel: [174496.434962] ACPI: EC: event blocked
Oct  7 15:19:01 nikita-SVE1713Y1RB kernel: [174496.434963] ACPI: EC: EC stopped
Oct  7 15:19:02 nikita-SVE1713Y1RB kernel: [174496.463453] ACPI: Low-level resume complete
Oct  7 15:19:02 nikita-SVE1713Y1RB kernel: [174496.463508] ACPI: EC: EC started
Oct  7 15:19:04 nikita-SVE1713Y1RB kernel: [174496.501450] ACPI: Waking up from system sleep state S3
Oct  7 15:19:04 nikita-SVE1713Y1RB kernel: [174496.505854] ACPI: EC: interrupt unblocked
Oct  7 15:19:04 nikita-SVE1713Y1RB kernel: [174496.543335] ACPI: EC: event unblocked
Oct  7 18:49:21 nikita-SVE1713Y1RB kernel: [176119.867615] ACPI: EC: interrupt blocked
Oct  7 18:49:21 nikita-SVE1713Y1RB kernel: [176119.886744] ACPI: Preparing to enter system sleep state S3
Oct  7 18:49:21 nikita-SVE1713Y1RB kernel: [176119.888243] ACPI: EC: event blocked
Oct  7 18:49:21 nikita-SVE1713Y1RB kernel: [176119.888244] ACPI: EC: EC stopped
Oct  7 18:49:21 nikita-SVE1713Y1RB kernel: [176119.917222] ACPI: Low-level resume complete
Oct  7 18:49:21 nikita-SVE1713Y1RB kernel: [176119.917276] ACPI: EC: EC started
Oct  7 18:49:21 nikita-SVE1713Y1RB kernel: [176119.954742] ACPI: Waking up from system sleep state S3
Oct  7 18:49:21 nikita-SVE1713Y1RB kernel: [176119.958963] ACPI: EC: interrupt unblocked
Oct  7 18:49:21 nikita-SVE1713Y1RB kernel: [176120.000630] ACPI: EC: event unblocked
Oct  8 09:28:38 nikita-SVE1713Y1RB kernel: [206314.643736] ACPI: EC: interrupt blocked
Oct  8 09:28:38 nikita-SVE1713Y1RB kernel: [206314.661373] ACPI: Preparing to enter system sleep state S3
Oct  8 09:28:38 nikita-SVE1713Y1RB kernel: [206314.663096] ACPI: EC: event blocked
Oct  8 09:28:38 nikita-SVE1713Y1RB kernel: [206314.663097] ACPI: EC: EC stopped
Oct  8 09:28:38 nikita-SVE1713Y1RB kernel: [206314.693399] ACPI: Low-level resume complete
Oct  8 09:28:38 nikita-SVE1713Y1RB kernel: [206314.693453] ACPI: EC: EC started
Oct  8 09:28:38 nikita-SVE1713Y1RB kernel: [206314.730885] ACPI: Waking up from system sleep state S3
Oct  8 09:28:38 nikita-SVE1713Y1RB kernel: [206314.734868] ACPI: EC: interrupt unblocked
Oct  8 09:28:38 nikita-SVE1713Y1RB kernel: [206314.774909] ACPI: EC: event unblocked
Oct  8 10:44:57 nikita-SVE1713Y1RB kernel: [209899.194619] ACPI: EC: interrupt blocked
Oct  8 10:44:57 nikita-SVE1713Y1RB kernel: [209899.212676] ACPI: Preparing to enter system sleep state S3
Oct  8 10:44:57 nikita-SVE1713Y1RB kernel: [209899.214300] ACPI: EC: event blocked
Oct  8 10:44:57 nikita-SVE1713Y1RB kernel: [209899.214301] ACPI: EC: EC stopped
Oct  8 10:44:57 nikita-SVE1713Y1RB kernel: [209899.244417] ACPI: Low-level resume complete
Oct  8 10:44:57 nikita-SVE1713Y1RB kernel: [209899.244471] ACPI: EC: EC started
Oct  8 10:44:57 nikita-SVE1713Y1RB kernel: [209899.282153] ACPI: Waking up from system sleep state S3
Oct  8 10:44:57 nikita-SVE1713Y1RB kernel: [209899.286195] ACPI: EC: interrupt unblocked
Oct  8 10:44:57 nikita-SVE1713Y1RB kernel: [209899.326147] ACPI: EC: event unblocked
Oct  7 15:19:01 nikita-SVE1713Y1RB kernel: [174496.414318] ACPI: EC: interrupt blocked
Oct  7 15:19:01 nikita-SVE1713Y1RB kernel: [174496.433451] ACPI: Preparing to enter system sleep state S3
Oct  7 15:19:01 nikita-SVE1713Y1RB kernel: [174496.434962] ACPI: EC: event blocked
Oct  7 15:19:01 nikita-SVE1713Y1RB kernel: [174496.434963] ACPI: EC: EC stopped
Oct  7 15:19:02 nikita-SVE1713Y1RB kernel: [174496.463453] ACPI: Low-level resume complete
Oct  7 15:19:02 nikita-SVE1713Y1RB kernel: [174496.463508] ACPI: EC: EC started
Oct  7 15:19:04 nikita-SVE1713Y1RB kernel: [174496.501450] ACPI: Waking up from system sleep state S3
Oct  7 15:19:04 nikita-SVE1713Y1RB kernel: [174496.505854] ACPI: EC: interrupt unblocked
Oct  7 15:19:04 nikita-SVE1713Y1RB kernel: [174496.543335] ACPI: EC: event unblocked
Oct  7 18:49:21 nikita-SVE1713Y1RB kernel: [176119.867615] ACPI: EC: interrupt blocked
Oct  7 18:49:21 nikita-SVE1713Y1RB kernel: [176119.886744] ACPI: Preparing to enter system sleep state S3
Oct  7 18:49:21 nikita-SVE1713Y1RB kernel: [176119.888243] ACPI: EC: event blocked
Oct  7 18:49:21 nikita-SVE1713Y1RB kernel: [176119.888244] ACPI: EC: EC stopped
Oct  7 18:49:21 nikita-SVE1713Y1RB kernel: [176119.917222] ACPI: Low-level resume complete
Oct  7 18:49:21 nikita-SVE1713Y1RB kernel: [176119.917276] ACPI: EC: EC started
Oct  7 18:49:21 nikita-SVE1713Y1RB kernel: [176119.954742] ACPI: Waking up from system sleep state S3
Oct  7 18:49:21 nikita-SVE1713Y1RB kernel: [176119.958963] ACPI: EC: interrupt unblocked
Oct  7 18:49:21 nikita-SVE1713Y1RB kernel: [176120.000630] ACPI: EC: event unblocked
[    0.000000] kernel: BIOS-e820: [mem 0x00000000af6bf000-0x00000000af7befff] ACPI NVS
[    0.000000] kernel: BIOS-e820: [mem 0x00000000af7bf000-0x00000000af7fefff] ACPI data
[    0.000000] kernel: efi:  ACPI=0xaf7fe000  ACPI 2.0=0xaf7fe014  SMBIOS=0xaf6bdf18 
[    0.022258] kernel: ACPI: Early table checksum verification disabled
[    0.022262] kernel: ACPI: RSDP 0x00000000AF7FE014 000024 (v02 Sony  )
[    0.022266] kernel: ACPI: XSDT 0x00000000AF7FE210 0000BC (v01 Sony   VAIO     20121113      01000013)
[    0.022272] kernel: ACPI: FACP 0x00000000AF7FA000 00010C (v05 Sony   VAIO     20121113 ACPI 00040000)
[    0.022279] kernel: ACPI: DSDT 0x00000000AF7EC000 00A9B1 (v02 Sony   VAIO     20121113 ACPI 00040000)
[    0.022282] kernel: ACPI: FACS 0x00000000AF7BA000 000040
[    0.022285] kernel: ACPI: SSDT 0x00000000AF7FD000 0005E3 (v01 Sony   VAIO     20121113 ACPI 00040000)
[    0.022288] kernel: ACPI: UEFI 0x00000000AF7FC000 000236 (v01 Sony   VAIO     20121113 ACPI 00040000)
[    0.022291] kernel: ACPI: ASF! 0x00000000AF7FB000 0000A5 (v32 Sony   VAIO     20121113 ACPI 00040000)
[    0.022294] kernel: ACPI: HPET 0x00000000AF7F9000 000038 (v01 Sony   VAIO     20121113 ACPI 00040000)
[    0.022297] kernel: ACPI: APIC 0x00000000AF7F8000 00008C (v03 Sony   VAIO     20121113 ACPI 00040000)
[    0.022301] kernel: ACPI: MCFG 0x00000000AF7F7000 00003C (v01 Sony   VAIO     20121113 ACPI 00040000)
[    0.022304] kernel: ACPI: SLIC 0x00000000AF7EB000 000176 (v01 Sony   VAIO     20121113 ACPI 00040000)
[    0.022307] kernel: ACPI: WDAT 0x00000000AF7EA000 000224 (v01 Sony   VAIO     20121113 ACPI 00040000)
[    0.022310] kernel: ACPI: SSDT 0x00000000AF7E8000 001068 (v01 Sony   VAIO     20121113 ACPI 00040000)
[    0.022313] kernel: ACPI: BOOT 0x00000000AF7E6000 000028 (v01 Sony   VAIO     20121113 ACPI 00040000)
[    0.022316] kernel: ACPI: ASPT 0x00000000AF7E4000 000034 (v07 Sony   VAIO     20121113 ACPI 00040000)
[    0.022319] kernel: ACPI: DBGP 0x00000000AF7E3000 000034 (v01 Sony   VAIO     20121113 ACPI 00040000)
[    0.022322] kernel: ACPI: FPDT 0x00000000AF7E1000 000044 (v01 Sony   VAIO     20121113 ACPI 00040000)
[    0.022325] kernel: ACPI: MSDM 0x00000000AF7E0000 000055 (v03 Sony   VAIO     20121113 ACPI 00040000)
[    0.022328] kernel: ACPI: SSDT 0x00000000AF7DF000 0008A2 (v01 Sony   VAIO     20121113 ACPI 00040000)
[    0.022331] kernel: ACPI: SSDT 0x00000000AF7DE000 000A92 (v01 Sony   VAIO     20121113 ACPI 00040000)
[    0.022334] kernel: ACPI: VFCT 0x00000000AF7D8000 005484 (v01 Sony   VAIO     20121113 ACPI 00040000)
[    0.022338] kernel: ACPI: BGRT 0x00000000AF7D7000 000038 (v01 INSYDE H2O BIOS 00000001 ACPI 00040000)
[    0.022350] kernel: ACPI: Local APIC address 0xfee00000
[    0.087794] kernel: ACPI: PM-Timer IO Port: 0x408
[    0.087797] kernel: ACPI: Local APIC address 0xfee00000
[    0.087817] kernel: ACPI: INT_SRC_OVR (bus 0 bus_irq 0 global_irq 2 dfl dfl)
[    0.087819] kernel: ACPI: INT_SRC_OVR (bus 0 bus_irq 9 global_irq 9 high level)
[    0.087820] kernel: ACPI: IRQ0 used by override.
[    0.087821] kernel: ACPI: IRQ9 used by override.
[    0.087823] kernel: Using ACPI (MADT) for SMP configuration information
[    0.087825] kernel: ACPI: HPET id: 0x8086a201 base: 0xfed00000
[    0.138092] kernel: ACPI: Core revision 20181213
[    0.195157] kernel: PM: Registering ACPI NVS region [mem 0xaf6bf000-0xaf7befff] (1048576 bytes)
[    0.195157] kernel: ACPI FADT declares the system doesn't support PCIe ASPM, so disable it
[    0.195157] kernel: ACPI: bus type PCI registered
[    0.195157] kernel: acpiphp: ACPI Hot Plug PCI Controller Driver version: 0.5
[    0.198470] kernel: ACPI: Added _OSI(Module Device)
[    0.198471] kernel: ACPI: Added _OSI(Processor Device)
[    0.198472] kernel: ACPI: Added _OSI(3.0 _SCP Extensions)
[    0.198473] kernel: ACPI: Added _OSI(Processor Aggregator Device)
[    0.198474] kernel: ACPI: Added _OSI(Linux-Dell-Video)
[    0.198475] kernel: ACPI: Added _OSI(Linux-Lenovo-NV-HDMI-Audio)
[    0.198476] kernel: ACPI: Added _OSI(Linux-HPI-Hybrid-Graphics)
[    0.209091] kernel: ACPI: 5 ACPI AML tables successfully acquired and loaded
[    0.211140] kernel: ACPI: Dynamic OEM Table Load:
[    0.211149] kernel: ACPI: SSDT 0xFFFF89BFC526F000 0007B4 (v01 PmRef  Cpu0Cst  00003001 INTL 20111123)
[    0.211428] kernel: ACPI: Dynamic OEM Table Load:
[    0.211428] kernel: ACPI: SSDT 0xFFFF89BFC52C1400 000303 (v01 PmRef  ApIst    00003000 INTL 20111123)
[    0.211428] kernel: ACPI: Dynamic OEM Table Load:
[    0.211428] kernel: ACPI: SSDT 0xFFFF89BFC4D4F000 000119 (v01 PmRef  ApCst    00003000 INTL 20111123)
[    0.215315] kernel: ACPI: EC: EC started
[    0.215316] kernel: ACPI: EC: interrupt blocked
[    0.216954] kernel: ACPI: \_SB_.PCI0.LPCB.EC0_: Used as first EC
[    0.216956] kernel: ACPI: \_SB_.PCI0.LPCB.EC0_: GPE=0x17, EC_CMD/EC_SC=0x66, EC_DATA=0x62
[    0.216957] kernel: ACPI: \_SB_.PCI0.LPCB.EC0_: Used as boot DSDT EC to handle transactions
[    0.216958] kernel: ACPI: Interpreter enabled
[    0.216985] kernel: ACPI: (supports S0 S3 S4 S5)
[    0.216986] kernel: ACPI: Using IOAPIC for interrupt routing
[    0.217021] kernel: PCI: Using host bridge windows from ACPI; if necessary, use "pci=nocrs" and report a bug
[    0.217272] kernel: ACPI: watchdog: Skipping WDAT on this system because it uses RTC SRAM
[    0.217288] kernel: ACPI: Enabled 7 GPEs in block 00 to 3F
[    0.225051] kernel: ACPI: PCI Root Bridge [PCI0] (domain 0000 [bus 00-3e])
[    0.230693] kernel: ACPI: PCI Interrupt Link [LNKA] (IRQs 1 3 4 5 6 10 11 12 14 15) *0, disabled.
[    0.230782] kernel: ACPI: PCI Interrupt Link [LNKB] (IRQs 1 3 4 5 6 10 11 12 14 15) *0, disabled.
[    0.230869] kernel: ACPI: PCI Interrupt Link [LNKC] (IRQs 1 3 4 5 6 10 11 12 14 15) *0, disabled.
[    0.230956] kernel: ACPI: PCI Interrupt Link [LNKD] (IRQs 1 3 4 5 6 10 11 12 14 15) *0, disabled.
[    0.231048] kernel: ACPI: PCI Interrupt Link [LNKE] (IRQs 1 3 4 5 6 10 11 12 14 15) *0, disabled.
[    0.231134] kernel: ACPI: PCI Interrupt Link [LNKF] (IRQs 1 3 4 5 6 10 11 12 14 15) *0, disabled.
[    0.231219] kernel: ACPI: PCI Interrupt Link [LNKG] (IRQs 1 3 4 5 6 10 11 12 14 15) *0, disabled.
[    0.231305] kernel: ACPI: PCI Interrupt Link [LNKH] (IRQs 1 3 4 5 6 10 11 12 14 15) *0, disabled.
[    0.231462] kernel: ACPI: EC: interrupt unblocked
[    0.231462] kernel: ACPI: EC: event unblocked
[    0.231462] kernel: ACPI: \_SB_.PCI0.LPCB.EC0_: GPE=0x17, EC_CMD/EC_SC=0x66, EC_DATA=0x62
[    0.231462] kernel: ACPI: \_SB_.PCI0.LPCB.EC0_: Used as boot DSDT EC to handle transactions and events
[    0.231464] kernel: ACPI: bus type USB registered
[    0.238669] kernel: PCI: Using ACPI for IRQ routing
[    0.254976] kernel: pnp: PnP ACPI init
[    0.255167] kernel: system 00:00: Plug and Play ACPI device, IDs PNP0c02 (active)
[    0.255196] kernel: pnp 00:01: Plug and Play ACPI device, IDs PNP0b00 (active)
[    0.255266] kernel: system 00:02: Plug and Play ACPI device, IDs INT3f0d PNP0c02 (active)
[    0.255355] kernel: pnp 00:03: Plug and Play ACPI device, IDs SNYa009 PNP030b (active)
[    0.255379] kernel: pnp 00:04: Plug and Play ACPI device, IDs SYN2705 SYN0300 SYN0002 PNP0f13 (active)
[    0.255608] kernel: system 00:05: Plug and Play ACPI device, IDs PNP0c02 (active)
[    0.255939] kernel: system 00:06: Plug and Play ACPI device, IDs PNP0c01 (active)
[    0.255965] kernel: pnp: PnP ACPI: found 7 devices
[    1.025294] kernel: ACPI: AC Adapter [ADP1] (off-line)
[    1.025389] kernel: ACPI: Lid Switch [LID0]
[    1.025433] kernel: ACPI: Power Button [PWRF]
[    1.026993] kernel: ACPI: Thermal Zone [TZS0] (57 C)
[    1.027316] kernel: ACPI: Thermal Zone [TZS1] (36 C)
[    1.028230] kernel: battery: ACPI: Battery Slot [BAT0] (battery present)
[    1.227881] kernel: ACPI: Video Device [PEGP] (multi-head: yes  rom: no  post: no)
[    1.234914] kernel: ACPI: watchdog: Skipping WDAT on this system because it uses RTC SRAM
[    1.234976] kernel: ACPI Warning: SystemIO range 0x0000000000000428-0x000000000000042F conflicts with OpRegion 0x0000000000000400-0x000000000000047F (\PMIO) (20181213/utaddress-213)
[    1.234983] kernel: ACPI: If an ACPI driver is available for this device, you should use it instead of the native driver
[    1.234987] kernel: ACPI Warning: SystemIO range 0x0000000000000540-0x000000000000054F conflicts with OpRegion 0x0000000000000500-0x0000000000000563 (\GPIO) (20181213/utaddress-213)
[    1.234991] kernel: ACPI: If an ACPI driver is available for this device, you should use it instead of the native driver
[    1.234992] kernel: ACPI Warning: SystemIO range 0x0000000000000530-0x000000000000053F conflicts with OpRegion 0x0000000000000500-0x0000000000000563 (\GPIO) (20181213/utaddress-213)
[    1.234996] kernel: ACPI: If an ACPI driver is available for this device, you should use it instead of the native driver
[    1.234997] kernel: ACPI Warning: SystemIO range 0x0000000000000500-0x000000000000052F conflicts with OpRegion 0x0000000000000500-0x0000000000000563 (\GPIO) (20181213/utaddress-213)
[    1.235000] kernel: ACPI: If an ACPI driver is available for this device, you should use it instead of the native driver
[   10.825918] kernel: acer_wmi: Acer Laptop ACPI-WMI Extras
